1597073958573674840
1597073991121612223
1597073958613739576
1597073974122319645
1597073958648584632
1597074023141106519
1597073958700313883
1597073971126169445
1597073958738872218
1597073965421420493
1597073958783674355
1597073965494423111
1597073958837038192
1597074035138629140
1597073958878124760
1597073974124047523
1597073958941058600
1597073965471879099
1597073958984135989
1597073999116648782
1597073959030586396
1597074043112138017
1597073959103290806
1597073984118679059
1597073959146595699
1597073965498122525
1597073959214564538
1597073965497281252
1597073959264185438
1597073965415198545
1597073959333755400
1597073965495564971
1597073959390541610
1597074088141497275
1597073959476977997
1597074047151632051
1597073959528078250
1597073984124425024
1597073959600458454
1597074108154903026
1597073959669436298
1597073970122769977
1597073959752241720
1597073965414266411
1597073959810836850
1597073982141808869
1597073959919705116
1597073965327412811
1597073960004227218
1597073965496591636
