1597058705422199283
1597058741117722095
1597058705433886063
1597058711777489080
1597058705443515253
1597058711223614360
1597058705455763238
1597058711226703974
1597058705466909353
1597058728113358631
1597058705480898013
1597058711035996876
1597058705490519375
1597058711157747227
1597058705505634526
1597058711164419461
1597058705517913486
1597058746146515815
1597058705530947734
1597058711005767213
1597058705541776342
1597058711095648263
1597058705556732930
1597058711156221230
1597058705572299785
1597058710971147408
1597058705589820970
1597058711007365241
1597058705596956051
1597058711206383469
1597058705614311325
1597058713113760833
