1597096227340628118
1597096249219969519
1597096227352655104
1597096249179100727
1597096227363143032
1597096253200742488
1597096227375216028
1597096255119542324
1597096227388780616
1597096253245083008
1597096227401026662
1597096253266836821
1597096227411978295
1597096253384671367
1597096227423819273
1597096253382502871
1597096227440554059
1597096253534299742
1597096227453977894
1597096253682814976
1597096227467520068
1597096253682459303
1597096227482766140
1597096253646914689
1597096227496215460
1597096253712478395
1597096227509789335
1597096254114258364
1597096227523856408
1597096259064530715
1597096227539275236
1597096259082320806
1597096227550070680
1597096260061002433
1597096227559347210
1597096261120397052
1597096227578496990
1597096261259108400
1597096227593230250
1597096261340261525
1597096227613658751
1597096257359916527
1597096227626175951
1597096257377392684
1597096227643627763
1597096255497368184
1597096227661616530
1597096250650398988
1597096227677484041
1597096250624601368
1597096227690776766
1597096256114394501
1597096227710104738
1597096247844469621
1597096227725941818
1597096246873251366
1597096227748480826
1597096262119446218
1597096227777836717
1597096242038486220
1597096227790776221
1597096242078465397
1597096227821803700
1597096241173998967
1597096227837930772
1597096245173290255
1597096227866424771
1597096246208457395
1597096227898398920
1597096249210896502
1597096227912916457
1597096249238816155
