1597086194874750630
1597086194939017271
1597086194996280646
1597086195083384343
1597086195143052072
1597086195368958096
1597086195487881823
1597086195568767318
1597086195658443510
1597086195765842979
1597086195856977204
1597086195977685787
1597086196102071368
1597086196218008918
1597086196326742194
1597086196421578008
1597086196529960785
1597086196664582567
1597086196832161281
1597086197030481116
1597086197165322326
1597086197321974730
1597086197520068397
1597086197730709095
1597086197963787036
1597086198323912712
1597086198503907367
1597086198675462849
1597086198925085368
1597086199333721040
1597086199947919105
1597086200140087162
1597086200499551624
1597086200801632079
1597086201158915462
1597086201618155991
1597086253322065993
1597086427306855752
1597086653235282433
1597086655247020962
1597086676242166754
1597086703393808112
1597086781156996559
1597086781161203343
1597086805175012004
1597086835266661001
1597086841187781858
1597086872280363932
1597086882195967705
1597086900164949281
1597086905299851635
1597086927157771580
1597086929371881016
1597086947158854282
1597086965185135938
1597087000128848131
1597087011261477463
1597087014498722915
1597087027201475357
1597087085144616540
1597087087135575810
1597087106132907892
1597087122144715032
1597087146131219638
1597087152126646083
1597087155147683972
1597087168553889380
1597087196114939092
1597087201125071027
1597087249139539620
1597087351121324778
1597087590123823469
