1597095169207413323
1597095169217352299
1597095169231492860
1597095169247666749
1597095169256700527
1597095169266906083
1597095169277817273
1597095169292206399
1597095169302479227
1597095169319008666
1597095169332924144
1597095169345881707
1597095169361665979
1597095169376390504
1597095169393872703
1597095169410872332
1597095169427177727
1597095169445963149
1597095169460360895
1597095169480034869
1597095169495413115
1597095169515044465
1597095169531731291
1597095169550502526
1597095169578884349
1597095169602733049
1597095169620898844
1597095169644443957
1597095169660964812
1597095169693323769
1597095169708199563
1597095169731583388
1597095169765443945
1597095169784869561
1597095169807719984
1597095169829406228
1597095173809833316
1597095174221643701
1597095174344245888
1597095178269022107
1597095178425287376
1597095178687071989
1597095178689136839
1597095178719177468
1597095178723285591
1597095178809533529
1597095178832292584
1597095178859661979
1597095178865335176
1597095178868105797
1597095179174957707
1597095179174989299
1597095179194797013
1597095179197143808
1597095179249031703
1597095179254674902
1597095179536909051
1597095180898042695
1597095180906187060
1597095181176809246
1597095181262619706
1597095181318286731
1597095181386542249
1597095181654121935
1597095182021635933
1597095182047166394
1597095182109859277
1597095183749651638
1597095185226140259
1597095191117674884
1597095200120199573
1597095209128732386
