1597060646010963444
1597060646022894195
1597060646034536929
1597060646045473265
1597060646057747761
1597060646075620282
1597060646084881954
1597060646098672153
1597060646109742847
1597060646123422532
1597060646133026717
1597060646146478997
1597060646161999753
1597060646177030874
1597060646189510831
1597060646204515165
1597060653834397828
1597060653872035160
1597060653904437767
1597060653935339871
1597060653959682366
1597060653979427663
1597060654078714527
1597060656942141471
1597060657056672267
1597060657221872400
1597060657257667138
1597060657407092450
1597060657777892225
1597060657789000816
1597060657789301079
1597060676120993694
