1597051427333390382
1597051427363078890
1597051427390383101
1597051427416657935
1597051427442897225
1597051427469842828
1597051427499303858
1597051427532687903
1597051427560601131
1597051427589138670
1597051427619653804
1597051427658181515
1597051427687063558
1597051427720605409
1597051427757667822
1597051427792203036
1597051432891288193
1597051432952321628
1597051432960416866
1597051432966823532
1597051432968904878
1597051432980123469
1597051433014379248
1597051433031682196
1597051433036152970
1597051433041307074
1597051433047311808
1597051434109799975
1597051438122809676
1597051445121406996
1597051452121419829
1597051488884112300
