1597074184218459130
1597074184260300636
1597074184300328919
1597074184339345418
1597074184389464076
1597074184431553209
1597074184482010945
1597074184528163915
1597074184567910323
1597074184616189113
1597074184658443667
1597074184706928432
1597074184760905764
1597074184809251510
1597074184865758589
1597074184917043052
1597074184977566484
1597074185045525892
1597074185111510923
1597074185202004685
1597074185307095348
1597074185352896536
1597074185456495605
1597074185556174227
1597074185652001988
1597074187935916868
1597074189275327895
1597074189294256247
1597074189311036251
1597074190184834469
1597074190568216866
1597074190763327642
1597074190927041730
1597074190933566349
1597074191101540643
1597074193442463367
1597074195134752992
1597074198125615926
1597074200128101908
1597074203123872197
1597074205124771926
1597074205126420465
1597074207120811595
1597074209128142737
1597074211138592527
1597074233132279971
1597074261143527674
1597074307122820693
1597074346151278864
1597074385258822161
