1597095873441722309
1597095873450133212
1597095873461219722
1597095873474197232
1597095873486144952
1597095873501918202
1597095873511744309
1597095873525997899
1597095873537106150
1597095873551082061
1597095873560139807
1597095873573818847
1597095873594992685
1597095873608657494
1597095873621084336
1597095873629884101
1597095873639594603
1597095873652646261
1597095873665672591
1597095873681585122
1597095873703142853
1597095873720101987
1597095873738378227
1597095873758727972
1597095873772009292
1597095873794116919
1597095873812850330
1597095873829762680
1597095873852037627
1597095873871264313
1597095873890463954
1597095873914288430
1597095873931419494
1597095873956791916
1597095873986717880
1597095874003404170
1597095885447708569
1597095885550357221
1597095885992492544
1597095886063576699
1597095886171846775
1597095886233707320
1597095886242320198
1597095886251659872
1597095886311258560
1597095886321023607
1597095886446627913
1597095886615388543
1597095887151730431
1597095889071287753
1597095889097730184
1597095889099896222
1597095889792018248
1597095889904157797
1597095889925879073
1597095889946840275
1597095889957318360
1597095890045615359
1597095892591551191
1597095892665206853
1597095892990296604
1597095894584599518
1597095894899026778
1597095894903601341
1597095895042413548
1597095897191456514
1597095897518861812
1597095899166956339
1597095899290562882
1597095899354268611
1597095900114137984
1597095931110376975
