1597054330600278248
1597054330613809045
1597054330625302324
1597054330640659939
1597054330656752033
1597054330668253607
1597054330680344905
1597054330695981932
1597054330708592807
1597054330719431588
1597054330733890417
1597054330751531086
1597054330761696132
1597054330774956962
1597054330783797876
1597054330799789507
1597054337621571281
1597054337634465161
1597054338240211059
1597054338273130890
1597054338275432741
1597054338298867429
1597054338311985038
1597054338327611873
1597054338329813909
1597054338354136732
1597054338390211380
1597054339286351060
1597054339304075854
1597054342971220169
1597054366132839922
1597054378138361895
