1597056463043845615
1597056463073774989
1597056463101812646
1597056463128444260
1597056463156300523
1597056463188203436
1597056463219601552
1597056463252274683
1597056463282284220
1597056463314774739
1597056463343934088
1597056463377722866
1597056463412345823
1597056463448658766
1597056463491857309
1597056463531165506
1597056464354645096
1597056464429545301
1597056464567492704
1597056464659833353
1597056464839915691
1597056464889624762
1597056464933578120
1597056464934556474
1597056465116687241
1597056467035198888
1597056467125082259
1597056482167127094
1597056497138098084
1597056500152426242
1597056574117657996
1597056577146416320
