1597080267533831215
1597080280126273007
1597080267548623063
1597080280310669741
1597080267559170030
1597080280336326853
1597080267571847575
1597080280458455836
1597080267583210848
1597080279821908537
1597080267595939881
1597080280269790545
1597080267609091455
1597080279648642459
1597080267619512490
1597080279829448599
1597080267630067097
1597080279816100653
1597080267641996513
1597080276093729303
1597080267653118840
1597080280601731132
1597080267673486549
1597080279834881615
1597080267690742440
1597080275054728727
1597080267702264615
1597080302114569290
1597080267718383584
1597080276159729211
1597080267732866680
1597080275119826025
1597080267748493855
1597080275129520775
1597080267759914445
1597080274986856044
1597080267781405700
1597080275104227060
1597080267791116767
1597080276101115985
1597080267807384053
1597080278441633989
1597080267820530462
1597080275496723053
1597080267838246177
1597080275063385339
1597080267864802417
1597080275467344962
1597080267886012874
1597080276183636224
