1597080541212975452
1597080550710430752
1597080541225903356
1597080550629390069
1597080541237874777
1597080550672317589
1597080541252445079
1597080547691533429
1597080541265354749
1597080547500290371
1597080541281137940
1597080550401574314
1597080541298193135
1597080550439133310
1597080541308508366
1597080547673631483
1597080541327674424
1597080547468189868
1597080541342218813
1597080546912663388
1597080541359237465
1597080550474399300
1597080541377430265
1597080547818493405
1597080541396363012
1597080547499172447
1597080541413352750
1597080546864402673
1597080541433076461
1597080546888520438
1597080541451025604
1597080547756015513
1597080541467436749
1597080547773076975
1597080541486282212
1597080546868481296
1597080541504728893
1597080546867392283
1597080541519731213
1597080546472520387
1597080541537110620
1597080548082632110
1597080541552803590
1597080556287706360
1597080541562212332
1597080547787214085
1597080541580944034
1597080546851915951
1597080541600911706
1597080546903280225
