1597080464457291625
1597080496191630520
1597080464465548057
1597080475865151606
1597080464477695252
1597080475776400350
1597080464486224141
1597080475744864281
1597080464496876689
1597080475739775033
1597080464513747591
1597080475870486304
1597080464525391313
1597080475751937289
1597080464539811624
1597080475805424796
1597080464553156429
1597080475799298472
1597080464564731941
1597080476139495226
1597080464578442379
1597080475721494109
1597080464594544300
1597080471480074605
1597080464609999578
1597080471528429885
1597080464627083631
1597080501114664307
1597080464643076558
1597080471472418025
1597080464661774157
1597080471524954479
1597080464674417457
1597080471505148402
1597080464689718269
1597080471466656466
1597080464715124452
1597080471564632634
1597080464731649052
1597080471558385157
1597080464745472250
1597080471558658609
1597080464759767592
1597080471557573720
1597080464779060546
1597080471542607946
1597080464789268613
1597080471481539318
1597080464807176177
1597080468471385741
