1597056533365342225
1597056533375641285
1597056533393579771
1597056533405773544
1597056533416301768
1597056533428380048
1597056533441733567
1597056533450703595
1597056533465988849
1597056533479923150
1597056533497970997
1597056533510411486
1597056533531486869
1597056533544538007
1597056533558546203
1597056533570523523
1597056539185979102
1597056540418863299
1597056541173377653
1597056541375311724
1597056541770073352
1597056541802931837
1597056541930685466
1597056541988218237
1597056543336859697
1597056545362057586
1597056545459533030
1597056545481269924
1597056545608367461
1597056545628109563
1597056545670211536
1597056564126989204
