1597073607892901201
1597073607932361499
1597073607973250949
1597073608012816826
1597073608065369111
1597073608109280057
1597073608156942925
1597073608200803992
1597073608247876676
1597073608301079569
1597073608340962845
1597073608396049305
1597073608452893434
1597073608509511351
1597073608571231017
1597073608648863194
1597073608716837614
1597073608778646704
1597073608860098554
1597073608947449373
1597073609022293461
1597073609156072638
1597073609226953593
1597073609318788760
1597073609435068206
1597073614763117693
1597073614781379665
1597073614834194784
1597073614861212039
1597073614879055033
1597073614901016800
1597073617115033636
1597073622118584092
1597073624116019121
1597073624119573205
1597073625121732719
1597073626122713194
1597073638113603348
1597073639121478335
1597073641136341250
1597073642116677542
1597073644132337781
1597073652116919331
1597073666131599189
1597073673117800963
1597073698166757681
1597073737225100223
1597073747127762202
1597073807130831886
1597073910142264354
