1597090345905631982
1597090346024557746
1597090346184509152
1597090346260248528
1597090346319124478
1597090346384157219
1597090346468665963
1597090346560223482
1597090346653474890
1597090346743635599
1597090346857589298
1597090346935853779
1597090347012814513
1597090347133407965
1597090347299239018
1597090347686189041
1597090348048560519
1597090348193653397
1597090348284959307
1597090348529818523
1597090348702982556
1597090349118087116
1597090349277596378
1597090349499450149
1597090349792429202
1597090350311532642
1597090350849310507
1597090351376111087
1597090351649131666
1597090351902734515
1597090352199386300
1597090352599161358
1597090353241077262
1597090353664211452
1597090353969739601
1597090355045356557
1597090403589403845
1597090491217509098
1597090509243107569
1597090526275522861
1597090594213046798
1597090642176163345
1597090764182057068
1597090807356896392
1597090846237949977
1597090848444385534
1597090871164940037
1597090888184863814
1597090910255314938
1597090927163749091
1597090954235411759
1597090965388506894
1597090966199776343
1597091001185284928
1597091023121601487
1597091027157475130
1597091029166735239
1597091033138797047
1597091047172087959
1597091069122101783
1597091091133409058
1597091136141180008
1597091165149690883
1597091171158081589
1597091175133290927
1597091213200011373
1597091218128289794
1597091304146212394
1597091329308443187
1597091363118429988
1597091368118902767
1597091558146701089
