1597080844705507045
1597080844716502127
1597080844730589420
1597080844741015240
1597080844752785406
1597080844770195754
1597080844786487495
1597080844800119365
1597080844814668274
1597080844826213975
1597080844840788888
1597080844851964586
1597080844872181462
1597080844886599938
1597080844905212331
1597080844918684526
1597080844937720452
1597080844954041346
1597080844967637167
1597080844987622284
1597080844998320952
1597080845015559191
1597080845034914932
1597080845047085723
1597080845069964712
1597080850437265013
1597080852740152699
1597080852748107976
1597080852750486251
1597080852767793853
1597080852779966159
1597080852804255277
1597080852958913151
1597080853053803795
1597080853057414190
1597080853209890355
1597080853239486472
1597080853275072860
1597080855115523431
1597080855810230321
1597080855843992052
1597080855870405952
1597080855893706841
1597080855897628839
1597080856276877303
1597080856283761053
1597080856287165556
1597080856365650560
1597080857577451098
1597080876118901803
