1597051530830681556
1597051582137149618
1597051530859474225
1597051554114538912
1597051530886894216
1597051534065726710
1597051530913378312
1597051534070589748
1597051530941354420
1597051534012130012
1597051530970648237
1597051549133471239
1597051531001660148
1597051547121404485
1597051531031879388
1597051533752311693
1597051531064112797
1597051535114836332
1597051531103321102
1597051573144632687
1597051531136650604
1597051533648791743
1597051531166516203
1597051533897968570
1597051531202505948
1597051533922004424
1597051531236746614
1597051533727067133
1597051531274928927
1597051587143980103
1597051531309028081
1597051533797083811
