1597054417334320595
1597054417344948842
1597054417355204148
1597054417366075228
1597054417379909366
1597054417393055088
1597054417404591539
1597054417415876191
1597054417429584113
1597054417441761974
1597054417454942507
1597054417469990068
1597054417481977558
1597054417496275557
1597054417509624665
1597054417521195515
1597054421777518414
1597054421825966469
1597054421936061569
1597054421938911815
1597054421991015304
1597054422028372314
1597054422040762157
1597054422061778962
1597054422079334841
1597054422094684405
1597054423738318038
1597054423802187162
1597054423817876703
1597054425306013983
1597054425388442047
1597054441118548640
