1597081751360687833
1597081751429325484
1597081751492690677
1597081751604492876
1597081751689755202
1597081751768035314
1597081751855962651
1597081751908732316
1597081751988096673
1597081752073682670
1597081752139937293
1597081752259496012
1597081752358087808
1597081752500472838
1597081752615805067
1597081752782944130
1597081752898009922
1597081753008664964
1597081753121692181
1597081753253498095
1597081753384610896
1597081753557342257
1597081753701321513
1597081753874178791
1597081754060200826
1597081754304082970
1597081754551175814
1597081754875957836
1597081755138517796
1597081755496972532
1597081755803790128
1597081756071683789
1597081756332540282
1597081756537415162
1597081756717606253
1597081757018066915
1597081806525721829
1597081935237771551
1597082006172212904
1597082105234685096
1597082142209966079
1597082144279658589
1597082170211690506
1597082182182328485
1597082219164769060
1597082221184183239
1597082240180992639
1597082272206177852
1597082308180556295
1597082343198945920
1597082347158430072
1597082388254057418
1597082398291563312
1597082407141288510
1597082415141250650
1597082422125913460
1597082424163881706
1597082430336213795
1597082432139167248
1597082448183878596
1597082470122804871
1597082470123047122
1597082493176414504
1597082502117224840
1597082507189070533
1597082510127923921
1597082522137947857
1597082611188174531
1597082611192184289
1597082748155069165
1597082818151392964
1597083018118184039
