1597074433744517895
1597074433784371129
1597074433822327475
1597074433870751942
1597074433915014630
1597074433951553414
1597074434012246793
1597074434058919508
1597074434102008734
1597074434155702644
1597074434204130662
1597074434261993099
1597074434315117319
1597074434382574191
1597074434443561247
1597074434510011141
1597074434573065967
1597074434666666261
1597074434734083444
1597074434830508172
1597074434928921060
1597074434976661409
1597074435074224920
1597074435207652991
1597074435300770837
1597074436678076255
1597074438339960911
1597074438347774095
1597074438376180092
1597074438416158317
1597074438419480072
1597074439097009211
1597074444583280470
1597074445123468225
1597074446142962980
1597074449144845255
1597074451119061876
1597074451120558499
1597074453129364250
1597074456117265714
1597074462130034881
1597074463119801041
1597074479122119485
1597074482116808307
1597074486121496790
1597074503130446307
1597074529124091962
1597074533160944961
1597074579145304081
1597074687143939295
