1597072741690316329
1597072741738632816
1597072741790576900
1597072741830603676
1597072741889309694
1597072741937595581
1597072741978452452
1597072742040197981
1597072742084436286
1597072742150268658
1597072742208376520
1597072742268671651
1597072742333350527
1597072742422957882
1597072742500350739
1597072742599361294
1597072742663113264
1597072742749748526
1597072742838363037
1597072742918228745
1597072743017291850
1597072743126455649
1597072743191414935
1597072743273173778
1597072743346611531
1597072747533058457
1597072747538217790
1597072747554049791
1597072747586668616
1597072747623492994
1597072747637670156
1597072747638319434
1597072750140802999
1597072752127313981
1597072752139502271
1597072753112110351
1597072753123064756
1597072755120232681
1597072756125210619
1597072759118620517
1597072768114692878
1597072771120211715
1597072772118521557
1597072773120166407
1597072774119558638
1597072804138377096
1597072832153358729
1597072884148108716
1597072884153324862
1597072947165262425
