1597052094245942519
1597052144142790405
1597052094275488612
1597052100008826683
1597052094305228982
1597052100020842950
1597052094331650193
1597052099957785860
1597052094360118545
1597052099985633327
1597052094387756667
1597052100027436645
1597052094421518571
1597052197143308613
1597052094450200923
1597052099984996680
1597052094483117554
1597052100012188876
1597052094520101478
1597052100048586944
1597052094553550071
1597052128132914671
1597052094586196126
1597052099783610334
1597052094621355606
1597052129132015154
1597052094658895618
1597052185133947530
1597052094698706071
1597052239292470949
1597052094738456646
1597052099150273473
