1597081069167231219
1597081084614168836
1597081069178038237
1597081082714421630
1597081069190947134
1597081084716596276
1597081069199503621
1597081082729699458
1597081069216335950
1597081084288808758
1597081069225486985
1597081084327362687
1597081069237572277
1597081084353397084
1597081069245685679
1597081087165584799
1597081069256602304
1597081116115501086
1597081069268186779
1597081090216525795
1597081069277686602
1597081090285502720
1597081069289027161
1597081090411829105
1597081069305760996
1597081090423017428
1597081069320456335
1597081090485207550
1597081069336497289
1597081087640072298
1597081069349279225
1597081087626732870
1597081069363831049
1597081086802638462
1597081069375857128
1597081084885648929
1597081069386654548
1597081083914824864
1597081069403175827
1597081083875202787
1597081069419290856
1597081083947224389
1597081069439155033
1597081083083090848
1597081069457250947
1597081102113001224
1597081069484100050
1597081086455360921
1597081069498051203
1597081086437113824
