1597085145333367943
1597085687140890359
1597085145401774577
1597085437150481067
1597085145539644032
1597085816123279208
1597085145644075590
1597085689183136033
1597085145763772555
1597085578191383449
1597085145853922332
1597085929158107097
1597085145986851435
1597085550268553741
1597085146076697318
1597085419280800238
1597085146151303994
1597085622202821708
1597085146219765539
1597085489180784132
1597085146319773212
1597085582431990164
1597085146415185223
1597085906172068583
1597085146522559360
1597085929165652836
1597085146637079425
1597085864126704898
1597085146744987353
1597085709282706024
1597085146866793155
1597085914120919774
1597085146996720657
1597085673216379313
1597085147142165312
1597086136120534140
1597085147284362356
1597085832297292311
1597085147469709159
1597085209512060589
1597085147709580575
1597085884120557230
1597085147918130770
1597085708177598849
1597085148134185744
1597085672197031252
1597085148536269420
1597085626148233794
1597085148900311706
1597085707301430646
1597085149562928553
1597085947143798994
1597085150127342902
1597085817246200109
1597085150414297404
1597086038175796749
1597085150654533603
1597085542217269120
1597085150921788673
1597085505512189090
1597085151237483041
1597085888134732279
1597085152260481128
1597085833141175077
1597085152951753289
1597085937133002119
1597085153264735268
1597085747143566827
1597085153814500474
1597085525199765520
1597085154192248238
1597085631168280303
