1597073021875747837
1597073021915971602
1597073021956944047
1597073022010026052
1597073022052609017
1597073022095853619
1597073022144342248
1597073022188838008
1597073022237947130
1597073022288225445
1597073022340396106
1597073022396204497
1597073022445498316
1597073022508258987
1597073022563121289
1597073022624613169
1597073022685078073
1597073022753733281
1597073022815920837
1597073022912238923
1597073022973628686
1597073023031288627
1597073023106541366
1597073023190623889
1597073023308043522
1597073027068322445
1597073027956808139
1597073027968695791
1597073027985397080
1597073027994918401
1597073028001458354
1597073028007695733
1597073028012055538
1597073028017814808
1597073028023605698
1597073028024574741
1597073028032596243
1597073028032648409
1597073044119681419
1597073045115738793
1597073050132052228
1597073064141891396
1597073067128212089
1597073075111986954
1597073083194749260
1597073125147481153
1597073145147334032
1597073176120065894
1597073180144074209
1597073357116220772
