1597056715530409450
1597056715540560559
1597056715549515848
1597056715560645354
1597056715574636314
1597056715585359185
1597056715595940978
1597056715605494138
1597056715616761278
1597056715627043487
1597056715642056128
1597056715655139229
1597056715666736173
1597056715679186321
1597056715691451516
1597056715708949635
1597056726541898671
1597056726816189203
1597056727585632982
1597056727757200493
1597056727823956447
1597056727950181578
1597056727953496076
1597056729395297806
1597056729583433489
1597056730170676832
1597056730177933684
1597056730187694008
1597056733137339727
1597056735126346656
1597056737114028249
1597056750198157230
