1597080112317453524
1597080112328631699
1597080112340529756
1597080112353116489
1597080112364446697
1597080112380633642
1597080112393669124
1597080112408615743
1597080112420781666
1597080112434987863
1597080112455518798
1597080112464735991
1597080112483624365
1597080112503272600
1597080112520287947
1597080112538680941
1597080112551945148
1597080112572709853
1597080112592852757
1597080112618214811
1597080112633751153
1597080112650700820
1597080112682370695
1597080112696377629
1597080112716014950
1597080120283587896
1597080120350017340
1597080120379917176
1597080120402951603
1597080120408865836
1597080120892953098
1597080120910609368
1597080120910884375
1597080120917597710
1597080120946719815
1597080120975399165
1597080120977369543
1597080123244158805
1597080123294859635
1597080123420751809
1597080123475164911
1597080123497844008
1597080123940140234
1597080125174589844
1597080125224108290
1597080125679852904
1597080125729715614
1597080127604526841
1597080137112181081
1597080143127752312
