1597060103431573131
1597060114545632179
1597060103438789806
1597060114551028479
1597060103451156009
1597060128110899398
1597060103461271162
1597060125141440564
1597060103476901043
1597060115775292719
1597060103487298432
1597060114989737820
1597060103498573087
1597060125143443215
1597060103510697883
1597060114983970074
1597060103519112220
1597060114270373461
1597060103533063210
1597060114303271084
1597060103547200406
1597060114242099238
1597060103565818661
1597060116120862318
1597060103575905253
1597060192124888645
1597060103594221309
1597060113342280104
1597060103610365014
1597060113451720021
1597060103619859410
1597060113471832571
