1597081354866628989
1597081354876430364
1597081354887986553
1597081354900945520
1597081354912408937
1597081354921917440
1597081354934495041
1597081354949529407
1597081354959344360
1597081354971794696
1597081354982938472
1597081354998016760
1597081355016562420
1597081355029850891
1597081355038877152
1597081355063785771
1597081355079829668
1597081355096482082
1597081355117524443
1597081355135283052
1597081355149409775
1597081355171558600
1597081355196322365
1597081355210310901
1597081355233522635
1597081362371871369
1597081364861354418
1597081364865563403
1597081365759569715
1597081366042563008
1597081366323517186
1597081366627228580
1597081366646669164
1597081366743115736
1597081366821762234
1597081367207319703
1597081367442675912
1597081367637135824
1597081367640948014
1597081367661929038
1597081367918756544
1597081367936004195
1597081371400799151
1597081372150152077
1597081372336381371
1597081372353582103
1597081372361237196
1597081373966069800
1597081374115756064
1597081402138903762
