1597073868055254377
1597073868098349171
1597073868135575280
1597073868172368094
1597073868216606726
1597073868257600068
1597073868303441554
1597073868358460756
1597073868403140646
1597073868452801642
1597073868505448948
1597073868553434666
1597073868600785451
1597073868657726209
1597073868727652031
1597073868783559599
1597073868846732892
1597073868906779908
1597073868975233590
1597073869027618233
1597073869102069616
1597073869158661989
1597073869237435553
1597073869297132323
1597073869388982724
1597073870905184771
1597073870963630501
1597073870979256120
1597073871006090320
1597073871116821635
1597073871117547035
1597073871129769616
1597073871948048275
1597073872118401753
1597073872855501967
1597073872909081131
1597073873119403271
1597073875465750191
1597073881123432999
1597073885136503795
1597073897124689293
1597073901152215314
1597073908216931528
1597073908218727050
1597073923133586928
1597073938122208327
1597073944136302239
1597073953117304075
1597074061145115993
1597074134128226455
