1597080057869529957
1597080068150311843
1597080057883662245
1597080081109971114
1597080057894926450
1597080067755234840
1597080057912365363
1597080064808941958
1597080057923863515
1597080064758685058
1597080057939536092
1597080069652439363
1597080057957626514
1597080067775103442
1597080057970340302
1597080064928756884
1597080057983641308
1597080064820596225
1597080057998472353
1597080064787012107
1597080058013026972
1597080091114624235
1597080058026275714
1597080064925134920
1597080058042772662
1597080064808100576
1597080058059790155
1597080067117888612
1597080058066963374
1597080064782402467
1597080058092102297
1597080065644445015
1597080058107026417
1597080064958994496
1597080058120454377
1597080064985289042
1597080058140828090
1597080065091017307
1597080058164236741
1597080064747767869
1597080058178806447
1597080065817792146
1597080058201710240
1597080065765690453
1597080058224550472
1597080065758261686
1597080058240735350
1597080065823466577
1597080058255491913
1597080065764357213
