1597079984642789554
1597079984658746459
1597079984672645431
1597079984683578785
1597079984698670347
1597079984714564925
1597079984728406832
1597079984744343068
1597079984754455846
1597079984774117664
1597079984787007356
1597079984805882641
1597079984820098686
1597079984837449301
1597079984848411367
1597079984863457333
1597079984886892911
1597079984907599875
1597079984924625099
1597079984941406713
1597079984960191503
1597079984977705571
1597079984998646404
1597079985014848712
1597079985036323958
1597079989653069551
1597079989653746869
1597079989670724849
1597079989684512971
1597079989716008572
1597079989723402886
1597079989742503838
1597079989744551614
1597079990246616054
1597079990276397339
1597079990566704769
1597079990615138146
1597079990634892248
1597079990656687447
1597079991770320332
1597079991805056443
1597079991809689778
1597079991825117551
1597079992111456554
1597079993113438887
1597079993750086390
1597079994736101989
1597079994789553963
1597079994814495672
1597080017123884066
