1597054271245370906
1597054271255169078
1597054271267891389
1597054271278562743
1597054271293936196
1597054271305986587
1597054271320219959
1597054271332982050
1597054271348412366
1597054271362708102
1597054271384108988
1597054271398299677
1597054271415734598
1597054271426271568
1597054271443768827
1597054271456458354
1597054278173048488
1597054278268054007
1597054278304003913
1597054278322621651
1597054278407897945
1597054281586114678
1597054281622070660
1597054281633140714
1597054281635682216
1597054281669453976
1597054281975851147
1597054282037488747
1597054282139116940
1597054282180980081
1597054282283122289
1597054293138700928
