1597056752947098749
1597056812136737697
1597056752972807808
1597056821126600806
1597056753003488025
1597056757497372887
1597056753029304335
1597056757852325272
1597056753056856030
1597056764024227947
1597056753090916920
1597056757427825932
1597056753117584488
1597056764291784244
1597056753142904441
1597056790123626110
1597056753171887277
1597056763834124697
1597056753203409103
1597056844140039752
1597056753233813511
1597056756023289874
1597056753268369086
1597056757316007462
1597056753301497215
1597056764323428284
1597056753331289068
1597056757223046955
1597056753364505185
1597056758120169942
1597056753396846199
1597056764282541198
