1597094971434361678
1597094983273447199
1597094971444460542
1597094982004972763
1597094971453194580
1597094981481351567
1597094971468548177
1597094981609745296
1597094971480627238
1597094981029565613
1597094971492494402
1597094979546760962
1597094971500430183
1597094982413493580
1597094971515514483
1597094981454541907
1597094971527303782
1597094980897911731
1597094971543132069
1597094980995289762
1597094971552865765
1597094981022160517
1597094971570623642
1597094979581759162
1597094971586787325
1597094981884876518
1597094971601416796
1597094980998584592
1597094971622756273
1597094981013423486
1597094971638113737
1597094979567226623
1597094971650605808
1597094979644323191
1597094971665332963
1597094978039392553
1597094971688563681
1597094984402849836
1597094971709081848
1597094982457743972
1597094971728878411
1597094988113166072
1597094971744372703
1597094979549354616
1597094971764575817
1597094976985146541
1597094971781940788
1597094977103688913
1597094971816855801
1597094982847819934
1597094971840221033
1597094982872616646
1597094971868616411
1597094979926366356
1597094971900552030
1597094979505913859
1597094971936837518
1597094977079480820
1597094971964448908
1597094976557273824
1597094971991797403
1597094979786500750
1597094972028570836
1597094979787954831
1597094972049651293
1597094977321003912
1597094972057880605
1597094979976009427
1597094972086204482
1597094976924184251
1597094972117363775
1597094977060656359
