1597081089992439033
1597081090000476657
1597081090010841941
1597081090022679974
1597081090036564368
1597081090047793229
1597081090058869642
1597081090070765479
1597081090083421427
1597081090096350192
1597081090108268505
1597081090121201200
1597081090137496081
1597081090147707276
1597081090163316866
1597081090177413905
1597081090188054578
1597081090201836903
1597081090214841963
1597081090225985460
1597081090247865092
1597081090260422116
1597081090282767776
1597081090300488149
1597081090315366514
1597081096944710477
1597081097857144267
1597081097978219028
1597081100791984420
1597081100792093715
1597081101096971115
1597081101408944884
1597081101410898400
1597081101836174026
1597081101979397731
1597081103344716066
1597081103473254255
1597081103562018713
1597081103671119776
1597081103700156167
1597081103976722636
1597081104579303117
1597081104926069049
1597081108315484250
1597081108319017509
1597081108336156654
1597081108407420387
1597081110387648336
1597081119212088971
1597081134123964531
