1597058486806800622
1597058492931289771
1597058486814817467
1597058492171379238
1597058486826562103
1597058492097740823
1597058486837249584
1597058492269066663
1597058486849968530
1597058492164850592
1597058486863525716
1597058491855897665
1597058486875561794
1597058516135560588
1597058486886569069
1597058492069573735
1597058486900614999
1597058491886334303
1597058486913966830
1597058491561439514
1597058486930425120
1597058491859091182
1597058486940571396
1597058492326363928
1597058486958379803
1597058492366158345
1597058486971847634
1597058491800301828
1597058486982846487
1597058492471201933
1597058487004115566
1597058492538634838
