1597080132525577593
1597080138881343939
1597080132540262010
1597080138006134700
1597080132550727682
1597080144163978658
1597080132565458507
1597080137717444493
1597080132581108037
1597080138696227161
1597080132597480195
1597080145203788286
1597080132614617083
1597080138349654559
1597080132630604454
1597080137735672908
1597080132644993650
1597080137717127771
1597080132658424368
1597080137857115311
1597080132673729740
1597080138614420696
1597080132691755451
1597080137722563382
1597080132706299247
1597080137725339471
1597080132723558431
1597080137332828825
1597080132739168115
1597080137426708712
1597080132760935321
1597080138048473943
1597080132779310692
1597080138004891083
1597080132798546384
1597080137707692729
1597080132810146432
1597080137758808117
1597080132836190697
1597080137719258071
1597080132845661199
1597080139014319034
1597080132859090728
1597080138038241537
1597080132869729589
1597080138095329259
1597080132893356976
1597080137726639360
1597080132907120719
1597080137712590296
