1597080417962928655
1597080417972070970
1597080417988195749
1597080417999726121
1597080418013422564
1597080418025241012
1597080418038892980
1597080418050436080
1597080418064431445
1597080418075509039
1597080418089997417
1597080418106932845
1597080418124759183
1597080418138712693
1597080418155386085
1597080418168415014
1597080418181536143
1597080418202511085
1597080418226413948
1597080418240712605
1597080418259253250
1597080418275751887
1597080418294622270
1597080418312740902
1597080418330930251
1597080423067796259
1597080423072376502
1597080423122272292
1597080423127847138
1597080423142146171
1597080423142370770
1597080423192554681
1597080423223416589
1597080423269300517
1597080423311858131
1597080423377275572
1597080423425425590
1597080423458691533
1597080423466830598
1597080423493243520
1597080423499192465
1597080423524340789
1597080423535400648
1597080423671855120
1597080424112258516
1597080425811708647
1597080426361868065
1597080427638787717
1597080427927457385
1597080428277917075
