1597058643373699085
1597058643383451103
1597058643396332673
1597058643409030829
1597058643419529471
1597058643429944773
1597058643445086888
1597058643457218413
1597058643470477614
1597058643483070506
1597058643502788925
1597058643515757452
1597058643531110942
1597058643545796371
1597058643560928594
1597058643575773586
1597058648614842017
1597058648645910832
1597058648653477279
1597058648680123022
1597058648680205913
1597058648748713019
1597058648789064924
1597058648864300183
1597058648920528330
1597058648941499729
1597058649330574245
1597058650381709231
1597058652132604377
1597058660150912210
1597058663120750560
1597058667128352777
