1597081174001630895
1597081174013616567
1597081174028067298
1597081174040899327
1597081174048695496
1597081174060656155
1597081174074290973
1597081174086261982
1597081174095711782
1597081174107527770
1597081174122389589
1597081174131744166
1597081174143677970
1597081174155168488
1597081174168084348
1597081174187624218
1597081174200141881
1597081174217395651
1597081174227927242
1597081174247834793
1597081174264954522
1597081174282835011
1597081174296982651
1597081174323852093
1597081174336846724
1597081184249422430
1597081184508540190
1597081184932131033
1597081184994502127
1597081185003570327
1597081185020717829
1597081185488841884
1597081185907927593
1597081186229633073
1597081186846642341
1597081187142605734
1597081187171359734
1597081187268134015
1597081187464753736
1597081187514029148
1597081187591778701
1597081187598318944
1597081187622419325
1597081187688227541
1597081187719750648
1597081187762476852
1597081192441899347
1597081196118282028
1597081210113719165
1597081216147361614
