1597056333155599712
1597056333182080171
1597056333206184474
1597056333232684287
1597056333258971186
1597056333284470097
1597056333313686067
1597056333342016910
1597056333369471488
1597056333402170967
1597056333431717910
1597056333463112842
1597056333498371249
1597056333531493648
1597056333566345204
1597056333601924948
1597056336035736180
1597056336138929979
1597056336698447731
1597056337013503825
1597056337018181999
1597056337045142683
1597056337171360234
1597056337328135973
1597056338135305340
1597056340228195072
1597056341127521342
1597056346114892314
1597056354111976171
1597056376142047179
1597056396122712100
1597056421143039605
