1597052281880016629
1597052286826436403
1597052281908706816
1597052286847958322
1597052281940321400
1597052316125176334
1597052281967767307
1597052373121195340
1597052281993267730
1597052294142250527
1597052282025160484
1597052332138015043
1597052282055049380
1597052291130630780
1597052282084245626
1597052287111681084
1597052282119429386
1597052286798328436
1597052282151485116
1597052286743498508
1597052282183901571
1597052286778924506
1597052282216732246
1597052290120762624
1597052282251198951
1597052286868052582
1597052282281112664
1597052305169415782
1597052282315284510
1597052294141270280
1597052282350236384
1597052455142893301
