1597052498848147060
1597052498875800036
1597052498901239522
1597052498926156827
1597052498953143591
1597052498977325213
1597052499007376245
1597052499039821144
1597052499064888819
1597052499095161565
1597052499129311347
1597052499160410268
1597052499190793136
1597052499224509597
1597052499257440514
1597052499297549644
1597052506746802315
1597052506751047918
1597052506776036341
1597052506805804249
1597052506807057559
1597052506832801252
1597052506844894230
1597052511111612412
1597052520128667012
1597052538165518129
1597052540139859724
1597052551137537397
1597052574144793547
1597052593154076350
1597052597143180448
1597052603140091597
