1597080526573504098
1597080536253775467
1597080526585260042
1597080536269893104
1597080526599530750
1597080534500152712
1597080526608995977
1597080534820971806
1597080526624008022
1597080554131466124
1597080526639938055
1597080542128389623
1597080526652572306
1597080534792254051
1597080526667411726
1597080533896259674
1597080526683416904
1597080533885025901
1597080526696011329
1597080532229682376
1597080526713886895
1597080534775780665
1597080526725094499
1597080534212923119
1597080526744500295
1597080533396817669
1597080526761181783
1597080533881766388
1597080526777839746
1597080533836431916
1597080526794326541
1597080534154059250
1597080526810429342
1597080533740898403
1597080526832329916
1597080533879280463
1597080526845789933
1597080533873524082
1597080526866675942
1597080553111846877
1597080526883840436
1597080566138341206
1597080526904373469
1597080534092608436
1597080526921510042
1597080533882468114
1597080526944343210
1597080535818258599
1597080526960019932
1597080533843065810
