1597080429302275123
1597080440973509803
1597080429312331073
1597080441046343656
1597080429325138922
1597080443139036157
1597080429334880076
1597080443236758431
1597080429351037768
1597080440209764980
1597080429364017536
1597080441011908482
1597080429376904372
1597080440518165834
1597080429388451609
1597080440435727429
1597080429398688001
1597080484635667272
1597080429411642362
1597080438017442909
1597080429425549599
1597080440506929726
1597080429442151309
1597080440466137073
1597080429461344170
1597080437946512599
1597080429476258392
1597080437904030676
1597080429486113648
1597080438049424688
1597080429505277143
1597080441155478847
1597080429516270450
1597080437959281026
1597080429536463864
1597080437889444252
1597080429552714995
1597080437504757289
1597080429571351588
1597080437607444923
1597080429590877008
1597080439118137983
1597080429601361886
1597080438315012311
1597080429620528971
1597080437820987298
1597080429637305690
1597080437974513924
1597080429658777688
1597080437996471482
