1597051935880824731
1597051935905671049
1597051935931544204
1597051935958329715
1597051935985978179
1597051936014897789
1597051936044820811
1597051936075063603
1597051936105658512
1597051936142913344
1597051936173110184
1597051936207861029
1597051936244963472
1597051936274860152
1597051936308347330
1597051936340472990
1597051942491252637
1597051942552359992
1597051942767507861
1597051942789206794
1597051942789261073
1597051942808031386
1597051942825665000
1597051942866003547
1597051942869664280
1597051952110044740
1597051957117163607
1597051964111206609
1597051970116301382
1597051973156533142
1597051988116950315
1597052053138170563
