1597081405094140644
1597081405104963516
1597081405115958543
1597081405130075510
1597081405142169245
1597081405153084238
1597081405164242670
1597081405176335165
1597081405187767951
1597081405196614674
1597081405207637599
1597081405223793149
1597081405237848145
1597081405247877900
1597081405264245283
1597081405278698653
1597081405289285144
1597081405304064428
1597081405314738360
1597081405329418008
1597081405349627110
1597081405377448965
1597081405396733963
1597081405411814842
1597081405427689843
1597081418439662635
1597081419414858095
1597081419460921273
1597081419901950973
1597081420007552388
1597081420761527859
1597081420777027748
1597081421194964253
1597081421884935543
1597081423148382948
1597081423326970471
1597081423514769023
1597081423612210466
1597081423715047037
1597081423734683963
1597081423740420465
1597081423769164478
1597081424453117707
1597081425116916829
1597081427225147986
1597081427362773149
1597081427452104999
1597081427491652021
1597081432212689109
1597081449113102325
