1597060232389777703
1597060232401089779
1597060232411829339
1597060232424324395
1597060232438466990
1597060232448377467
1597060232457976968
1597060232469070686
1597060232485072232
1597060232498519970
1597060232506721212
1597060232525910532
1597060232541021199
1597060232556349044
1597060232571530754
1597060232582381102
1597060240009228435
1597060240023796384
1597060240025203624
1597060240105819805
1597060240979464436
1597060241650561060
1597060241659255365
1597060241916485309
1597060241931406309
1597060243690780027
1597060243691623116
1597060243732830610
1597060244192403705
1597060244424962544
1597060244443191287
1597060245306388673
