1597056112501270719
1597056112527489606
1597056112553020974
1597056112582424384
1597056112611517782
1597056112639999966
1597056112671211630
1597056112702736713
1597056112745213486
1597056112780428930
1597056112814623455
1597056112853113979
1597056112884725373
1597056112919717505
1597056112953640181
1597056112991925537
1597056114533773580
1597056114539343853
1597056114552732257
1597056114565119057
1597056114583773122
1597056114611453426
1597056114832519130
1597056117246215939
1597056117298695007
1597056117661650085
1597056119120303002
1597056119121819258
1597056120191086054
1597056138118696414
1597056158139657770
1597056292138746560
