1597052645312448190
1597052731139856327
1597052645341959464
1597052652029131043
1597052645367496353
1597052652036879403
1597052645394894282
1597052652001606812
1597052645423705984
1597052651984139448
1597052645450315586
1597052699141269921
1597052645475831690
1597052652016430890
1597052645507139844
1597052651886208442
1597052645539518808
1597052651940157080
1597052645568888575
1597052665117067341
1597052645602100070
1597052652125281604
1597052645634937061
1597052651860855691
1597052645667125787
1597052652047286031
1597052645700694109
1597052652041170077
1597052645735553842
1597052651947025021
1597052645770019714
1597052651894242722
