1597056602094948806
1597056602104188990
1597056602115484385
1597056602126536337
1597056602143722500
1597056602155791028
1597056602166585220
1597056602183582159
1597056602192603058
1597056602202190788
1597056602213254639
1597056602231556842
1597056602249452337
1597056602257127013
1597056602275329421
1597056602290147722
1597056609683831004
1597056609893167734
1597056609991490829
1597056611094884011
1597056611115008884
1597056611137125942
1597056611148948761
1597056611308564096
1597056611334392554
1597056611406276922
1597056611450964265
1597056611534975458
1597056611872678748
1597056611882121398
1597056612090093118
1597056623137687792
