1597058232362752245
1597058237932155022
1597058232375041783
1597058237921427371
1597058232385406020
1597058237949524252
1597058232398696026
1597058237928739181
1597058232410514786
1597058237886774616
1597058232423305911
1597058237886233117
1597058232436690807
1597058237893261409
1597058232452422900
1597058239154168559
1597058232465027212
1597058235237703763
1597058232475360258
1597058237943267033
1597058232491550720
1597058237863663604
1597058232504258951
1597058237943594343
1597058232516777699
1597058237900894377
1597058232533035664
1597058237917079940
1597058232544917794
1597058237848126839
1597058232557659782
1597058237880361394
