1597080184883290808
1597080184893223437
1597080184906918184
1597080184918716107
1597080184928214571
1597080184942930817
1597080184954092738
1597080184967538361
1597080184983442424
1597080184996313665
1597080185013105688
1597080185028345638
1597080185042824712
1597080185057077684
1597080185075136638
1597080185087695115
1597080185103652794
1597080185129380516
1597080185144187582
1597080185163659669
1597080185185463952
1597080185201724764
1597080185215025815
1597080185235788803
1597080185255947228
1597080191814221262
1597080192152755277
1597080192175547744
1597080192214036581
1597080192309585255
1597080192325341848
1597080192329838091
1597080192375149669
1597080192385798154
1597080192386533507
1597080192444844954
1597080192445601404
1597080192447085510
1597080192452622573
1597080192518272691
1597080192537573610
1597080192698206755
1597080192699939977
1597080192728262920
1597080192762125014
1597080192923264720
1597080194508379443
1597080195117975113
1597080196213524794
1597080222112157670
