1597081256313394833
1597081261655260201
1597081256321796808
1597081261823398590
1597081256333515848
1597081261797162824
1597081256344252537
1597081261833939303
1597081256354346123
1597081265211844312
1597081256367413584
1597081313148338234
1597081256379366520
1597081271168178174
1597081256388496469
1597081271176761273
1597081256403250351
1597081298142792436
1597081256411256272
1597081276401987860
1597081256425017015
1597081289228904441
1597081256434428022
1597081276507429625
1597081256449065480
1597081299167482348
1597081256462967648
1597081276736802848
1597081256478410502
1597081276784376537
1597081256490977726
1597081273845989229
1597081256506697249
1597081273795320706
1597081256522544241
1597081272019598014
1597081256533008895
1597081269093392930
1597081256549375618
1597081269111543692
1597081256565933044
1597081268171109256
1597081256586109025
1597081268194461859
1597081256606836881
1597081268291664107
1597081256615899504
1597081294120044434
1597081256639593640
1597081284111866906
