1597080265394138086
1597080272053677427
1597080265406514995
1597080271885959083
1597080265416520924
1597080271887861724
1597080265428825522
1597080271878753495
1597080265439356540
1597080271573101566
1597080265454201397
1597080272049965774
1597080265465244590
1597080271658527330
1597080265478460860
1597080271716382313
1597080265495825493
1597080271581345940
1597080265505338951
1597080270113129406
1597080265520794614
1597080271651483264
1597080265542110877
1597080271676187564
1597080265552061626
1597080269982527963
1597080265571050787
1597080269942313817
1597080265587849668
1597080270034808869
1597080265601148101
1597080271906809324
1597080265616260792
1597080269940857596
1597080265628710610
1597080270034715010
1597080265649472793
1597080327142750652
1597080265665893816
1597080269677380007
1597080265691256585
1597080273766011415
1597080265709829363
1597080271870932137
1597080265725573872
1597080269952306683
1597080265739787806
1597080270004759568
1597080265769363933
1597080270122312962
