1597081547895899009
1597081547904857938
1597081547916594871
1597081547926888940
1597081547935898401
1597081547950093800
1597081547960676037
1597081547972141439
1597081547984183847
1597081547994100497
1597081548007624534
1597081548019250364
1597081548034027996
1597081548048373583
1597081548059964602
1597081548080383951
1597081548096561065
1597081548113778832
1597081548127068367
1597081548149282432
1597081548164388020
1597081548189056331
1597081548205588181
1597081548223827106
1597081548248299293
1597081560655660930
1597081560780813619
1597081560962200671
1597081562235460814
1597081562914203995
1597081563555606077
1597081563929882058
1597081563950857342
1597081565174124010
1597081565213093817
1597081565277350164
1597081565280229465
1597081565305847200
1597081565394603651
1597081565431262599
1597081565439101006
1597081565516522255
1597081565571980711
1597081565591246458
1597081565755047968
1597081567853344784
1597081568114493441
1597081569109343348
1597081580114015647
1597081585117655328
