1597081007556439171
1597081007565070528
1597081007578658934
1597081007590288373
1597081007606441748
1597081007614622744
1597081007628971568
1597081007642565751
1597081007649979944
1597081007661300458
1597081007674716198
1597081007694123513
1597081007706559801
1597081007718698586
1597081007735428157
1597081007747625791
1597081007760452074
1597081007775932083
1597081007785916798
1597081007809094341
1597081007819916250
1597081007842422471
1597081007857278095
1597081007874491043
1597081007893774980
1597081015819845408
1597081018130973986
1597081020142280417
1597081020160209937
1597081020485606399
1597081020519329049
1597081020527392488
1597081020863212242
1597081020895816211
1597081022276059080
1597081022283173712
1597081022495162704
1597081022699665593
1597081022699777458
1597081022810960358
1597081024101669412
1597081024239277308
1597081024282673185
1597081024292632779
1597081025286848451
1597081025418350199
1597081025560728271
1597081026085844613
1597081026127840662
1597081048122369155
