1597096398220674896
1597096412773847183
1597096398230436332
1597096428117298144
1597096398245156395
1597096414921535933
1597096398253816697
1597096414934956824
1597096398269862245
1597096414953899070
1597096398288637993
1597096459135921638
1597096398298018471
1597096417208186398
1597096398311578352
1597096417257425928
1597096398320286460
1597096416378582636
1597096398333695453
1597096416441013887
1597096398352043026
1597096416504485509
1597096398367781805
1597096416591959345
1597096398385493383
1597096416567150498
1597096398403711129
1597096416604964830
1597096398415696186
1597096416692240473
1597096398430375677
1597096417022696702
1597096398449196607
1597096416938733649
1597096398469837933
1597096417130737123
1597096398483682485
1597096420130260748
1597096398510766940
1597096422136183194
1597096398526727241
1597096422160747808
1597096398548270375
1597096420282000663
1597096398561518540
1597096417451894125
1597096398581190902
1597096415444315012
1597096398600351900
1597096415506363419
1597096398617047808
1597096415572048591
1597096398635964635
1597096424118259615
1597096398655354011
1597096412831485997
1597096398678139425
1597096414327806798
1597096398695233434
1597096414337806164
1597096398708815370
1597096414340501014
1597096398745746616
1597096414335550678
1597096398770307918
1597096423113599553
1597096398797713959
1597096414312225525
1597096398822511468
1597096414326285255
1597096398843631895
1597096414634700517
