1597080746074401259
1597080746083273995
1597080746094954580
1597080746108395309
1597080746120881717
1597080746132162199
1597080746141631454
1597080746154471918
1597080746168320505
1597080746179568515
1597080746197162225
1597080746212689844
1597080746228289757
1597080746242586596
1597080746254443487
1597080746268833593
1597080746286790951
1597080746300629121
1597080746317083752
1597080746330378662
1597080746350901364
1597080746372520357
1597080746379363427
1597080746397096625
1597080746411223902
1597080755022271012
1597080757429434233
1597080757777524294
1597080757777938869
1597080757783329959
1597080757808747283
1597080757896217588
1597080758028226868
1597080758078823070
1597080758080921216
1597080760412439511
1597080760439651131
1597080760579254518
1597080760608382282
1597080760658383217
1597080761082448134
1597080761153997364
1597080761330260547
1597080761381936678
1597080761579714395
1597080761806306724
1597080763292901403
1597080763450515312
1597080763454676697
1597080766220265947
