1597079965053298304
1597080036137624514
1597079917596230864
1597079924478578161
1597079965135846146
1597080070159366709
1597079965195603671
1597079973135356273
1597079965248209636
1597079969037771772
1597079965299329858
1597079987115247640
1597079965348264792
1597079969041427965
1597079965396204449
1597079994136374390
1597079965459950950
1597079971118415913
1597079918020831339
1597079924531574862
1597079965587835141
1597079969044840810
1597079965640493154
1597080028137411129
1597079965745045666
1597079978128461178
1597079965849301589
1597079970123655120
1597079965918911426
1597080042160483325
1597079918462911533
1597079924446803383
1597079966122034536
1597079967934741826
1597079966175914167
1597079969081883628
1597079966245369108
1597079969059598398
1597079966305315598
1597079982130278837
1597079966384500437
1597079997119479388
1597079966443919856
1597079969068621137
1597079966531875429
1597079969128877048
1597079966605538376
1597079971118608454
1597079966716475519
1597079968910708881
