1597054732910020785
1597054732918954042
1597054732931746695
1597054732944180597
1597054732957064310
1597054732970325066
1597054732988997642
1597054733000741042
1597054733014698893
1597054733028328449
1597054733048261137
1597054733060648552
1597054733074336423
1597054733087793668
1597054733099672265
1597054733113258386
1597054738916972818
1597054738925888514
1597054738945271994
1597054738948610355
1597054739911069465
1597054740541976348
1597054740542450235
1597054740551288179
1597054740584315057
1597054740634120763
1597054740694663159
1597054742126079211
1597054742228048742
1597054749112533206
1597054750117966528
1597054838135163763
