1597096501734488931
1597096501744308828
1597096501758044253
1597096501771043238
1597096501781382908
1597096501795913359
1597096501806467220
1597096501819863803
1597096501831076409
1597096501844328040
1597096501863231918
1597096501874052334
1597096501888977502
1597096501906505129
1597096501920094494
1597096501932985001
1597096501946418999
1597096501966094476
1597096501979568239
1597096501997704426
1597096502016405976
1597096502027419804
1597096502044938712
1597096502061995813
1597096502082081734
1597096502108141436
1597096502125865862
1597096502149463991
1597096502162333473
1597096502195116806
1597096502212229769
1597096502242953875
1597096502261770753
1597096502282013729
1597096502323503966
1597096502350639611
1597096511148881982
1597096512486902678
1597096512506611973
1597096514491120804
1597096515556131067
1597096517256305321
1597096517379977465
1597096517742327062
1597096517758846016
1597096520134140287
1597096520158754376
1597096520206778442
1597096520243593029
1597096520257185708
1597096521643070105
1597096521714510791
1597096521816467074
1597096521882220230
1597096522033137031
1597096524471103480
1597096525346942402
1597096525366581455
1597096525427798672
1597096525499967182
1597096526160304452
1597096526471460730
1597096526518433341
1597096526598169173
1597096526601401412
1597096526712518177
1597096527000848744
1597096527095245221
1597096527106540079
1597096527146657592
1597096527236600455
1597096530112367472
