1597073665884229008
1597073718132589607
1597073665928234557
1597073671850300960
1597073665967341315
1597073678153633195
1597073666006897712
1597073722124945244
1597073666056388863
1597073683114538194
1597073666098748062
1597073743127577009
1597073666149751130
1597073682226212646
1597073666198587303
1597073716132122040
1597073666241330838
1597073706113044598
1597073666299985564
1597073712186261756
1597073666351509159
1597073671843970728
1597073666413293781
1597073671826383358
1597073666473760429
1597073671857008362
1597073666553417239
1597073676132124110
1597073666606334171
1597073671756954553
1597073666692122646
1597073695133916549
1597073666745033901
1597073704129221647
1597073666833012468
1597073712156768795
1597073666886909904
1597073739116490199
1597073666974512902
1597073787151868667
1597073667021299473
1597073691128517556
1597073667117053750
1597073707131733617
1597073667166217185
1597073671793427057
1597073667267886819
1597073671658073156
1597073667332091371
1597073819120700036
