1597081157881607494
1597081170287830031
1597081157892006786
1597081169475458527
1597081157907706706
1597081170451917475
1597081157920650191
1597081187112712445
1597081157933935060
1597081170675428382
1597081157945319247
1597081190110582197
1597081157959975424
1597081170707018037
1597081157965812966
1597081169870582174
1597081157983975088
1597081170092192533
1597081157989887908
1597081170080282273
1597081158009402848
1597081170034446024
1597081158017692879
1597081171237352009
1597081158033353934
1597081176212392776
1597081158048614700
1597081171266849544
1597081158066680279
1597081171277624522
1597081158075134918
1597081169514120481
1597081158096584254
1597081169524771015
1597081158111916506
1597081168581792752
1597081158131027847
1597081168590114512
1597081158148784062
1597081168606669807
1597081158162569552
1597081168668531795
1597081158176053124
1597081168731114058
1597081158191792943
1597081175118547106
1597081158205571392
1597081169222511985
1597081158220699570
1597081174268346535
