1597058119119328706
1597058119131253086
1597058119142716068
1597058119152342491
1597058119168942030
1597058119178927140
1597058119192517268
1597058119203558730
1597058119214981399
1597058119232556442
1597058119247531138
1597058119259038032
1597058119270281920
1597058119283545616
1597058119294525043
1597058119310535362
1597058122667389781
1597058122915813578
1597058125507145675
1597058125535726472
1597058125547768146
1597058125571720619
1597058125584667580
1597058125585005409
1597058125585523558
1597058125591957657
1597058125592702740
1597058125596139024
1597058125599110063
1597058125604042375
1597058130213544601
1597058148109413308
