1597055937073771071
1597055937101208089
1597055937127444986
1597055937154717681
1597055937183795472
1597055937212742161
1597055937245162828
1597055937277077248
1597055937305807684
1597055937338340279
1597055937366619657
1597055937396152768
1597055937436353935
1597055937473045254
1597055937503409291
1597055937539929001
1597055941831858361
1597055941910760101
1597055941938862930
1597055941939730520
1597055941950965656
1597055941975116126
1597055941988474983
1597055944044332826
1597055944098850964
1597055944313602351
1597055944501918539
1597055956116139947
1597055971149226139
1597055974167817618
1597055981153275174
1597055999154824860
