1597089248209697402
1597089914125463426
1597089248282016178
1597089458340178877
1597089248341971139
1597089871143851746
1597089248404835165
1597089340372005681
1597089248508908448
1597089387252041857
1597089248580665194
1597089627282824086
1597089248651656021
1597089708214432355
1597089248717777862
1597090149119504176
1597089248793809285
1597089990116493299
1597089248863439055
1597089846128927827
1597089248944372018
1597089420307043892
1597089249029411920
1597089368323474125
1597089249101565162
1597089769151649246
1597089249237178433
1597089832268159712
1597089249386557803
1597089629161892317
1597089249661883419
1597089815126485093
1597089249850343366
1597089821124666805
1597089250048387696
1597089607168483096
1597089250243740570
1597089415371956131
1597089250399248987
1597089772133557300
1597089250525935201
1597089662258343169
1597089250651548582
1597089304203263726
1597089250781250478
1597089875147525766
1597089250934812006
1597090019120768424
1597089251083818608
1597089802117396848
1597089251414841520
1597089819160404965
1597089251782152232
1597090287150282523
1597089252080852562
1597089498138121270
1597089252394128107
1597089412425015099
1597089253051028466
1597089764148841892
1597089253481908198
1597089635248171652
1597089253976253094
1597089621186052941
1597089254393156054
1597089559185529001
1597089254874563164
1597089358237201082
1597089255343640503
1597089645226726199
1597089256075432223
1597089831175681545
