1597055675154694812
1597055702200646928
1597055675184132303
1597055709118104825
1597055675212428966
1597055707160751483
1597055675239112923
1597055684116957623
1597055675267040458
1597055707162861882
1597055675295725141
1597055697186105502
1597055675327230259
1597055707127289049
1597055675357924075
1597055771140973942
1597055675393123145
1597055707161899510
1597055675427177244
1597055725115309746
1597055675455519297
1597055682135138728
1597055675493934386
1597055707157930041
1597055675529164198
1597055682153593339
1597055675565723108
1597055730142252046
1597055675603377382
1597055768142347066
1597055675648573930
1597055745147971480
