1597095482348500732
1597095492880102838
1597095482359229357
1597095494402312079
1597095482370680225
1597095492407427469
1597095482383259769
1597095504119827178
1597095482394542181
1597095492648234046
1597095482403803306
1597095490383435376
1597095482419181955
1597095494763881086
1597095482429948120
1597095494403566542
1597095482444445266
1597095493337308830
1597095482455244672
1597095492606834927
1597095482472404548
1597095490362455851
1597095482487276633
1597095490440867261
1597095482496810144
1597095494795521840
1597095482513433589
1597095493336888573
1597095482529219513
1597095492385672823
1597095482547977599
1597095491270605692
1597095482559721821
1597095490410851434
1597095482573078557
1597095490396249086
1597095482595443878
1597095492670651290
1597095482607738159
1597095492326312790
1597095482631513797
1597095491293732918
1597095482646235386
1597095491366979694
1597095482668704756
1597095490410327181
1597095482679860126
1597095513127465451
1597095482701375663
1597095492684760868
1597095482722347831
1597095491288828978
1597095482748880525
1597095491299893126
1597095482766185983
1597095491359740822
1597095482798326199
1597095490410950876
1597095482810904911
1597095490350120631
1597095482840326238
1597095494240096342
1597095482864914198
1597095494127030518
1597095482878758454
1597095493330453885
1597095482912814293
1597095600138743032
1597095482928415603
1597095490406060530
1597095482965597024
1597095488452763096
