1597056456673793834
1597056470696354028
1597056456681946163
1597056467847223765
1597056456695496204
1597056466952133127
1597056456705762604
1597056466957000601
1597056456715818181
1597056464049382768
1597056456729954957
1597056468311082949
1597056456738502804
1597056468225432474
1597056456748402538
1597056468316602921
1597056456762618722
1597056472359178105
1597056456771103350
1597056488130875383
1597056456782956463
1597056472119168562
1597056456800323009
1597056468677815520
1597056456810919266
1597056468677776978
1597056456825992251
1597056494134020746
1597056456840137367
1597056470584811013
1597056456852911577
1597056470734980603
