1597054606591756143
1597054606601200435
1597054606615142933
1597054606627108318
1597054606637986411
1597054606649014689
1597054606661019643
1597054606678215785
1597054606690814719
1597054606707240982
1597054606724929451
1597054606749183528
1597054606756355013
1597054606769185564
1597054606786445861
1597054606804139364
1597054612561868076
1597054612721292982
1597054612732546097
1597054612828732729
1597054613493221295
1597054613784626283
1597054614215114228
1597054614217562712
1597054614219722824
1597054614261173544
1597054614261700248
1597054614322675351
1597054614349702000
1597054614409746637
1597054615969444376
1597054619267286145
