1597095311605731550
1597095325508478591
1597095311616587497
1597095325638247120
1597095311629976638
1597095325604392922
1597095311640090699
1597095324150639751
1597095311649713212
1597095320777977059
1597095311664648367
1597095320815960746
1597095311677373493
1597095320931118537
1597095311689696064
1597095321015361770
1597095311704829264
1597095320989139041
1597095311713506895
1597095340128140799
1597095311728688673
1597095320233038457
1597095311746022803
1597095320663537344
1597095311763285860
1597095320913610067
1597095311780558135
1597095320494525357
1597095311798837996
1597095320439522412
1597095311817132899
1597095370121326588
1597095311826395503
1597095319712082199
1597095311847265400
1597095320717984899
1597095311867112091
1597095320513749353
1597095311879653789
1597095370120532501
1597095311902541242
1597095320038294666
1597095311921744018
1597095320500724849
1597095311938211086
1597095319211464203
1597095311970478045
1597095319197973241
1597095311987770489
1597095320845542199
1597095312007208914
1597095319993667324
1597095312025841826
1597095319482261361
1597095312050647340
1597095318620546477
1597095312077450617
1597095318686089553
1597095312106777603
1597095318654536022
1597095312149150552
1597095322345000258
1597095312176723494
1597095319534751425
1597095312187966316
1597095318630350078
1597095312217648344
1597095318665444721
1597095312234529796
1597095330110589069
1597095312268810620
1597095318222826159
