1597060714560825583
1597060719644209776
1597060714572829316
1597060721476526060
1597060714586384375
1597060720910586754
1597060714602509064
1597060720950772447
1597060714613617603
1597060785141033052
1597060714622858675
1597060720932670107
1597060714640529144
1597060720944351716
1597060714653462438
1597060719211628413
1597060714665047367
1597060719151567177
1597060714681420393
1597060718858509598
1597060714696125554
1597060719108844632
1597060714706673159
1597060719242945205
1597060714724915492
1597060719270968488
1597060714739710279
1597060748113722655
1597060714753664187
1597060719458983400
1597060714769703265
1597060719502940754
