1597096570586419270
1597096587221318248
1597096570597566068
1597096587151947150
1597096570609168170
1597096592314290242
1597096570618274681
1597096618113891711
1597096570632115670
1597096592392562271
1597096570646308999
1597096587532961987
1597096570657809569
1597096587883097076
1597096570668019131
1597096592853207272
1597096570679543424
1597096594668821009
1597096570693455591
1597096594052449605
1597096570702731609
1597096595083371819
1597096570717352882
1597096595070663367
1597096570732588524
1597096595045069356
1597096570747300887
1597096596176191148
1597096570760028803
1597096596160316806
1597096570773488901
1597096593276123697
1597096570787054249
1597096593378238563
1597096570803235922
1597096593426233867
1597096570813058395
1597096592518081579
1597096570835769218
1597096592604124543
1597096570854963585
1597096592577975157
1597096570864674433
1597096592700094511
1597096570882126532
1597096592657812164
1597096570907509857
1597096591906924354
1597096570922784352
1597096590213104969
1597096570939703438
1597096590043205113
1597096570980255252
1597096590135531191
1597096570998781920
1597096590071228439
1597096571034304421
1597096661136512136
1597096571049437943
1597096587338743796
1597096571083484139
1597096587404746090
1597096571115372751
1597096586494335560
1597096571140415725
1597096584233114425
1597096571157607412
1597096584232931274
1597096571190463652
1597096586151739267
1597096571217203212
1597096587165973109
