1597052773636097866
1597052780072082808
1597052773661358281
1597052779974802965
1597052773687452550
1597052791130984828
1597052773714635802
1597052804113144707
1597052773740829826
1597052845138405435
1597052773771790332
1597052779887776347
1597052773801853006
1597052779975819840
1597052773827725054
1597052790112246442
1597052773852827189
1597052779981552234
1597052773886392873
1597052779870332694
1597052773923740205
1597052784122062069
1597052773957724418
1597052786121992235
1597052773994618979
1597052806114266523
1597052774029198427
1597052805131125398
1597052774071407665
1597052779840362190
1597052774108660085
1597052779860778715
