1597087650567710898
1597088269215167979
1597087650683097545
1597088873157599880
1597087650746648579
1597088701121552898
1597087650815557042
1597088762136147371
1597087650928747254
1597088394261339718
1597087651030606690
1597088567259675435
1597087651184319203
1597088522435913215
1597087651283232913
1597088607146717593
1597087651435885648
1597087952391007487
1597087651613356718
1597088802125991704
1597087651728735275
1597088318209476356
1597087651921330564
1597088726127229886
1597087652110236178
1597088335141632177
1597087652196280272
1597088557186073944
1597087652277965041
1597088778134778449
1597087652369955793
1597088413238632402
1597087652461547636
1597088776126598633
1597087652587262721
1597088878235335710
1597087652729020362
1597088360260700390
1597087652853119070
1597087695290159071
1597087653028635022
1597088032222950779
1597087653386172041
1597088351236177714
1597087653656543992
1597088633128798873
1597087654024148133
1597088595216868938
1597087654232675688
1597088364149626100
1597087654415017319
1597087955292723475
1597087654627750654
1597088912146298070
1597087654804150950
1597088448276553318
1597087655063928581
1597088665139318349
1597087655325212823
1597088228333083119
1597087655835309396
1597088579239944578
1597087656295488403
1597088606232749559
1597087657130826632
1597088672124758644
1597087657686462395
1597089189148034831
1597087658093787799
1597088694210406413
1597087658393442896
1597088179247237538
