1597056296268990955
1597056301407679514
1597056296282912086
1597056313113916520
1597056296292354955
1597056301408699799
1597056296305547912
1597056301410859025
1597056296319723958
1597056327121029459
1597056296328904367
1597056301855659664
1597056296340481199
1597056302872351938
1597056296352773225
1597056303860417404
1597056296366562971
1597056303931466525
1597056296374736792
1597056319124956039
1597056296389783373
1597056303178909989
1597056296400402478
1597056303186557292
1597056296414306082
1597056301228160464
1597056296423284285
1597056303336844902
1597056296436244703
1597056303272848078
1597056296451554589
1597056303322489766
