1597058555935407062
1597058555945481398
1597058555955775869
1597058555969896243
1597058555980444365
1597058555992671711
1597058556003678766
1597058556017028192
1597058556030861942
1597058556040469202
1597058556054418837
1597058556070689340
1597058556083496708
1597058556105094698
1597058556116518904
1597058556131261691
1597058560277847219
1597058560320527169
1597058560405535747
1597058560415315882
1597058560416597713
1597058560427598331
1597058560437996765
1597058560577629612
1597058560578643332
1597058560590360626
1597058560612234758
1597058560625300545
1597058560647052804
1597058560679330604
1597058560712952672
1597058602136811696
