1597080992849324148
1597081007381075261
1597080992860898255
1597081007361531172
1597080992872545358
1597081006418233028
1597080992884999916
1597081006462912957
1597080992895652662
1597081007578878201
1597080992912676366
1597081006621578458
1597080992923845230
1597081007725385444
1597080992935389197
1597081007754976800
1597080992944275451
1597081006888854019
1597080992954203911
1597081010972733401
1597080992968822261
1597081014089848197
1597080992984367788
1597081021117345642
1597080992995748456
1597081014226176891
1597080993013380683
1597081014243647723
1597080993022585776
1597081014195692310
1597080993035487339
1597081010343741062
1597080993048808561
1597081006444061363
1597080993059251704
1597081006410955072
1597080993080238247
1597081005577127585
1597080993099277130
1597081003717121988
1597080993110948169
1597081030113393775
1597080993126969448
1597081003773591119
1597080993148745910
1597081006111686800
1597080993162701719
1597081006135151124
1597080993178463513
1597081006143303137
