1597060059235284202
1597060059245996466
1597060059255078938
1597060059265645972
1597060059276473957
1597060059286334011
1597060059301929952
1597060059311480962
1597060059322901660
1597060059335297784
1597060059345715110
1597060059359894719
1597060059372778029
1597060059387333042
1597060059404450018
1597060059416157038
1597060065495431770
1597060065524367876
1597060065525175092
1597060065535700138
1597060065537720950
1597060065538711622
1597060065542706508
1597060065547053770
1597060065633509376
1597060065698332174
1597060065712261521
1597060065800354968
1597060065980321957
1597060065985022611
1597060066129861303
1597060067171349507
