1597080915666296920
1597080915675825638
1597080915687125416
1597080915698711245
1597080915713504833
1597080915724421293
1597080915738085075
1597080915747695087
1597080915764269026
1597080915775754236
1597080915786286670
1597080915801968042
1597080915814907410
1597080915830796988
1597080915842931786
1597080915855193339
1597080915868115411
1597080915879763216
1597080915893095542
1597080915908028088
1597080915927684929
1597080915941496227
1597080915961221866
1597080915980888611
1597080915992926154
1597080927984172397
1597080928033603543
1597080928661993098
1597080928678352494
1597080928722013138
1597080930319001200
1597080930337919929
1597080930415391131
1597080933274655910
1597080933504448099
1597080933520722222
1597080933549363004
1597080934318102575
1597080934690630991
1597080934787187030
1597080934974148991
1597080935611933433
1597080936145601304
1597080936150703577
1597080936224635437
1597080938152409080
1597080938153443891
1597080938173965161
1597080938223850231
1597080952112045945
