1597056790859837839
1597056798908778475
1597056790870738332
1597056801803185788
1597056790881320701
1597056814114984245
1597056790893831776
1597056806090303635
1597056790902172962
1597056803423196028
1597056790915730426
1597056803365805814
1597056790924777776
1597056806378070512
1597056790940226564
1597056806469771296
1597056790952262086
1597056803623840110
1597056790963850247
1597056806533990626
1597056790974507886
1597056803724774342
1597056790985976591
1597056803803557200
1597056790997655056
1597056798780365117
1597056791009954970
1597056798914381381
1597056791030504311
1597056798938676044
1597056791038882231
1597056798835014455
