1597056220144310588
1597056228294285617
1597056220156156378
1597056228370893067
1597056220168901810
1597056228434839500
1597056220183027882
1597056228554715258
1597056220196472959
1597056246123099640
1597056220209121673
1597056228576595442
1597056220221829248
1597056228621626143
1597056220236059009
1597056228657610091
1597056220247572999
1597056228925325327
1597056220258965681
1597056228940886455
1597056220270086303
1597056228861862666
1597056220285727934
1597056229174193404
1597056220297344893
1597056229221982422
1597056220310253100
1597056229244940398
1597056220329136909
1597056257121261579
1597056220340167260
1597056228212889503
