1597094864043405516
1597094864057567829
1597094864071155334
1597094864085483013
1597094864097935218
1597094864109726542
1597094864124898389
1597094864135853110
1597094864149285596
1597094864164019073
1597094864178851259
1597094864198119383
1597094864215995161
1597094864230145209
1597094864250303879
1597094864263346479
1597094864277622871
1597094864307759281
1597094864322249288
1597094864344432161
1597094864365758101
1597094864375527320
1597094864396498469
1597094864421174076
1597094864441336656
1597094864458819343
1597094864477787740
1597094864498838578
1597094864512926221
1597094864551650957
1597094864575008450
1597094864594641037
1597094864621951695
1597094864634580885
1597094864674656356
1597094864701070018
1597094871007695059
1597094872124759533
1597094872611184207
1597094872673120979
1597094872728880515
1597094874158741475
1597094874159361162
1597094874173459165
1597094874221217816
1597094874221282468
1597094874249998787
1597094874450978035
1597094874489962483
1597094874543948411
1597094874615793545
1597094874691839202
1597094874697437056
1597094874785294446
1597094875003548654
1597094875171527741
1597094875185759207
1597094875259620037
1597094875591693939
1597094875765304992
1597094875997069063
1597094876238309556
1597094877127035273
1597094877407239948
1597094877444085422
1597094877582187289
1597094877632437208
1597094886129483474
1597094890133510138
1597094891153519563
1597094908148532509
1597094930137839844
