1597095411170217944
1597095429120008194
1597095411180039557
1597095428130179045
1597095411190538515
1597095425161048691
1597095411203774066
1597095425211108348
1597095411213208780
1597095425356044803
1597095411229324348
1597095422842128738
1597095411239827345
1597095428240517341
1597095411254590151
1597095425562797365
1597095411267448108
1597095425241863627
1597095411281241552
1597095422839783071
1597095411295893185
1597095422840325499
1597095411310947176
1597095419355872583
1597095411322621372
1597095425642488414
1597095411335833075
1597095425630699589
1597095411348527020
1597095422757847791
1597095411361581010
1597095421231689653
1597095411378620997
1597095421331097269
1597095411393494864
1597095419371399478
1597095411412250886
1597095421487876953
1597095411429984440
1597095419540999926
1597095411449730833
1597095419581528699
1597095411464856446
1597095419597653593
1597095411483773944
1597095419696484926
1597095411500728064
1597095418190625987
1597095411516773098
1597095419530979907
1597095411543705731
1597095443118698573
1597095411571619234
1597095422123350617
1597095411585770334
1597095419217501167
1597095411613555272
1597095419260488956
1597095411633380212
1597095419359128450
1597095411646728623
1597095420042026683
1597095411685626978
1597095419430813807
1597095411697682775
1597095419496212731
1597095411710930198
1597095419659752533
1597095411753942893
1597095419736786500
1597095411773947639
1597095419636679734
