1597054479802596282
1597054479811193044
1597054479826147479
1597054479837241168
1597054479851502801
1597054479862889283
1597054479876308895
1597054479888977225
1597054479903113679
1597054479916216908
1597054479929168464
1597054479948710636
1597054479962403032
1597054479975591286
1597054479990614133
1597054480004775258
1597054484672388220
1597054484732016305
1597054484760660584
1597054484770087860
1597054484776899843
1597054484814335936
1597054484826653569
1597054487211576192
1597054487233641765
1597054487383524651
1597054487418913421
1597054488190027134
1597054489138805446
1597054495126488116
1597054495132032616
1597054521141884780
