1597073408602679306
1597073537134750265
1597073408647580931
1597073436152053922
1597073408686809434
1597073442132108428
1597073408724294231
1597073552147909029
1597073408773304782
1597073425117301352
1597073408813950590
1597073413092979885
1597073408861261611
1597073447117409765
1597073408910532963
1597073445117373506
1597073408955214115
1597073413094665432
1597073409003768914
1597073413058318474
1597073409044699175
1597073559142494849
1597073409089226777
1597073477115927358
1597073409144239173
1597073412957820985
1597073409194918398
1597073460117951426
1597073409249083806
1597073442126233266
1597073409306355139
1597073412552668219
1597073409359874617
1597073425116610288
1597073409423934406
1597073441120906295
1597073409489553871
1597073466117351916
1597073409553194631
1597073441121306440
1597073409624485292
1597073422122554550
1597073409684521729
1597073413092933926
1597073409751647052
1597073436138172137
1597073409830949638
1597073414125165555
1597073409927258311
1597073413048101278
