1597091617123624719
1597091617234446255
1597091617351471218
1597091617429329877
1597091617579784577
1597091617649187090
1597091617760749883
1597091617860741393
1597091617975431765
1597091618068919577
1597091618196710449
1597091618332313804
1597091618463040817
1597091618648978460
1597091618875643586
1597091619093849962
1597091619226614660
1597091619408988984
1597091619597715767
1597091619817063537
1597091620079765435
1597091620301754243
1597091620443902822
1597091620793811965
1597091621061139684
1597091621298896456
1597091621675611436
1597091621926567765
1597091622156975847
1597091622503181330
1597091622843068098
1597091623291730917
1597091623748945186
1597091624139215784
1597091624553294165
1597091625130021376
1597091703233331884
1597091956304311774
1597091966222882686
1597092051190083120
1597092154234412256
1597092208171203686
1597092360257679821
1597092361182255973
1597092421301985542
1597092466158739295
1597092547216467636
1597092603179527392
1597092675208224326
1597092705299947382
1597092732137468854
1597092753143228668
1597092780191682447
1597092795162453996
1597092798176551123
1597092804216154885
1597092816128053605
1597092828295371618
1597092847112886988
1597092866171672552
1597092868145225403
1597092879125591984
1597092933174539046
1597092943123211535
1597092945154956712
1597093072189476827
1597093087134919160
1597093137285970137
1597093142127661023
1597093208128418950
1597093407126312248
1597093815168233503
