1597080703882321162
1597080703893807940
1597080703910881892
1597080703920482575
1597080703932835660
1597080703948636941
1597080703963489174
1597080703974341071
1597080703988811535
1597080704001999855
1597080704021917115
1597080704039260378
1597080704050068684
1597080704068585099
1597080704082192432
1597080704101921683
1597080704112861982
1597080704133817574
1597080704157580109
1597080704177467032
1597080704199012461
1597080704212222235
1597080704226118652
1597080704239274023
1597080704258883781
1597080710399596762
1597080710424209367
1597080710498609280
1597080711239114231
1597080711325613637
1597080711327656894
1597080711330320616
1597080711441026010
1597080711468739887
1597080711470590932
1597080711471653326
1597080711472535009
1597080711486518350
1597080711529341741
1597080711573203426
1597080712693204018
1597080712770773678
1597080712853218781
1597080712940167541
1597080712959540266
1597080712989849321
1597080715537908798
1597080715687988109
1597080723163321593
1597080739144133818
