1597080606191943361
1597080615869602720
1597080606202502117
1597080615962330956
1597080606215181604
1597080615008840260
1597080606228291129
1597080614531301175
1597080606239500594
1597080614455752735
1597080606255809695
1597080615215892113
1597080606270769050
1597080664126469151
1597080606281381235
1597080614483955192
1597080606297584172
1597080614535299795
1597080606308057041
1597080610915904879
1597080606317854039
1597080615383515466
1597080606333326656
1597080615376127337
1597080606347027120
1597080614513076168
1597080606359434363
1597080610907575640
1597080606375222714
1597080610823735810
1597080606388820488
1597080615622304843
1597080606406963533
1597080614820148014
1597080606419490686
1597080610851114163
1597080606443006500
1597080610871243741
1597080606455811705
1597080610796888032
1597080606479239857
1597080614656259764
1597080606494262944
1597080611194336631
1597080606510715988
1597080610764205163
1597080606533386152
1597080610853368356
1597080606550739655
1597080636135963297
