1597054561789352326
1597054570099960832
1597054561799343256
1597054569414111905
1597054561812546041
1597054569430675481
1597054561824672174
1597054569459951109
1597054561837177827
1597054569301794202
1597054561848981207
1597054569463311670
1597054561861340077
1597054569421843155
1597054561874046506
1597054569471468276
1597054561887955834
1597054569173951134
1597054561900728080
1597054569373335592
1597054561913238903
1597054569390209337
1597054561932672758
1597054569462033847
1597054561945871123
1597054569356873147
1597054561961974918
1597054569375752933
1597054561974012892
1597054569463562374
1597054561990766144
1597054569601801030
