1597096300935970537
1597096324331271002
1597096300948336615
1597096331121710835
1597096300960000459
1597096316707408774
1597096300972741944
1597096321666905230
1597096300985918256
1597096321827185170
1597096300996773955
1597096324800184377
1597096301011449581
1597096324933046771
1597096301022788582
1597096324905270991
1597096301037452701
1597096322294394027
1597096301046424047
1597096326273447615
1597096301061544378
1597096322203202280
1597096301077696471
1597096321367880844
1597096301093269075
1597096321323400353
1597096301105087639
1597096321512932485
1597096301118645594
1597096319517283195
1597096301132710953
1597096319503375980
1597096301145563583
1597096319583770505
1597096301157501302
1597096319629808762
1597096301180506825
1597096339125479795
1597096301194921001
1597096354133751366
1597096301207160746
1597096319957961341
1597096301221337592
1597096320178964083
1597096301244418594
1597096320205763354
1597096301259293412
1597096320237921677
1597096301272030002
1597096319320237171
1597096301299335741
1597096315407769526
1597096301319283691
1597096315383232831
1597096301332809340
1597096312494379762
1597096301363656147
1597096312472642686
1597096301388886560
1597096308629043761
1597096301405050128
1597096308663889605
1597096301426520271
1597096307796460765
1597096301442463114
1597096316916164539
1597096301461499723
1597096316838443165
1597096301496637655
1597096321356632576
1597096301532279981
1597096321363867582
