1597060580367299115
1597060580374770291
1597060580388808850
1597060580402811129
1597060580416074504
1597060580428526812
1597060580437639524
1597060580451708420
1597060580458809620
1597060580475291023
1597060580481880275
1597060580497838392
1597060580509026580
1597060580524008580
1597060580540512411
1597060580550177968
1597060587890504710
1597060587894770618
1597060587908240821
1597060587945148920
1597060587947346776
1597060587947802027
1597060588105302758
1597060589685774602
1597060590278853101
1597060590282997977
1597060590493993976
1597060591233482211
1597060591410385708
1597060591496065780
1597060594119773899
1597060606168373173
