1597080180691258077
1597080193401811533
1597080180703834510
1597080193497686267
1597080180713481748
1597080193505371360
1597080180724653319
1597080193685598531
1597080180737022878
1597080188719847080
1597080180748510441
1597080193451180668
1597080180761637755
1597080188913986649
1597080180773863128
1597080188916255096
1597080180787094857
1597080188900932243
1597080180802968433
1597080188407478522
1597080180818048081
1597080188909207545
1597080180830952864
1597080188824749051
1597080180849331725
1597080188272206755
1597080180863813310
1597080187358388011
1597080180874934109
1597080186701187295
1597080180890883038
1597080189199768333
1597080180908199012
1597080188367187599
1597080180921661312
1597080228126792862
1597080180937959088
1597080186703953600
1597080180959379217
1597080186921949099
1597080180974848729
1597080189544168022
1597080180995911582
1597080188677596643
1597080181016613307
1597080186694538091
1597080181027925149
1597080186694897431
1597080181055764761
1597080186706629039
