1597096045723333464
1597096045733984506
1597096045744547049
1597096045756104990
1597096045768559460
1597096045781348051
1597096045791029562
1597096045801455761
1597096045815990885
1597096045828663315
1597096045840395877
1597096045854856210
1597096045863680136
1597096045877806845
1597096045895876269
1597096045908590625
1597096045924141274
1597096045938207008
1597096045952775234
1597096045970283414
1597096045987299023
1597096046009019636
1597096046023680583
1597096046039235350
1597096046051989199
1597096046071841028
1597096046093266262
1597096046122614589
1597096046141531798
1597096046159755737
1597096046183138944
1597096046203027430
1597096046223490437
1597096046257385381
1597096046278302039
1597096046305585301
1597096060241181287
1597096060580680889
1597096060656024812
1597096062092487243
1597096062102612400
1597096062124343906
1597096062179819802
1597096062191311449
1597096062314721228
1597096062352296369
1597096062389675404
1597096062562235507
1597096062727198420
1597096063091526121
1597096063925377980
1597096063934135275
1597096065353638072
1597096065489996024
1597096065596486449
1597096065626737259
1597096065758864082
1597096065776060168
1597096065827123346
1597096066195542013
1597096066468120641
1597096066533477029
1597096066629826798
1597096067360421090
1597096067917062259
1597096068142425211
1597096068277719222
1597096071221612930
1597096072228015551
1597096088117473406
1597096100160681576
1597096105135958295
