1597058423925468874
1597058423934561927
1597058423946910125
1597058423957671391
1597058423972786251
1597058423982338983
1597058423995160876
1597058424008929401
1597058424020228327
1597058424033194424
1597058424048380046
1597058424064475835
1597058424083367305
1597058424095760355
1597058424109273892
1597058424118802811
1597058428509986225
1597058428632565415
1597058428633970960
1597058428638140994
1597058428639379627
1597058428639631722
1597058428658663997
1597058428779217361
1597058429060070261
1597058429476159240
1597058429840628800
1597058429847572361
1597058430896402629
1597058430918177195
1597058430959516807
1597058450129770972
