1597073522533196830
1597073522570805878
1597073522611402543
1597073522658873929
1597073522698696183
1597073522737306447
1597073522788849044
1597073522828416106
1597073522873049424
1597073522924479225
1597073522973477132
1597073523023316431
1597073523080459150
1597073523150016948
1597073523208611637
1597073523271439825
1597073523358418288
1597073523429153997
1597073523500280974
1597073523617406517
1597073523692035993
1597073523765630733
1597073523850625958
1597073523925477008
1597073524021805931
1597073529388974990
1597073529415595385
1597073529420907522
1597073529434243778
1597073529453382587
1597073529461550018
1597073529464881740
1597073529466439331
1597073529472592829
1597073529483310246
1597073529487038409
1597073531394858000
1597073532578625582
1597073532884429588
1597073533118113423
1597073534262320936
1597073543117498358
1597073554120042871
1597073555138871111
1597073557119120536
1597073559125302450
1597073563121884543
1597073577135242944
1597073616141818981
1597073618128186057
