1597051628591478759
1597051628619778372
1597051628648413446
1597051628677207289
1597051628707088202
1597051628737541299
1597051628766537697
1597051628796311036
1597051628829888110
1597051628861850152
1597051628894264036
1597051628922883438
1597051628966351035
1597051628996591226
1597051629030079749
1597051629063606820
1597051635233197002
1597051635485880802
1597051635494237841
1597051635495137437
1597051635499722026
1597051635504806243
1597051635513552254
1597051635516138688
1597051635559252988
1597051635565548399
1597051635595735122
1597051642125994069
1597051647114323221
1597051686140572245
1597051704137113650
1597051713137852228
