1597055814156692445
1597055814186720691
1597055814212607755
1597055814240002442
1597055814268040102
1597055814298331319
1597055814330273638
1597055814361413766
1597055814393456836
1597055814427817558
1597055814454783493
1597055814485242540
1597055814518559914
1597055814553192352
1597055814589096201
1597055814628970981
1597055815786574834
1597055815788772317
1597055815798400470
1597055817132814936
1597055817766957583
1597055817918187601
1597055820129028430
1597055825120351034
1597055829114436305
1597055833119607911
1597055841122259979
1597055846119780181
1597055850133628812
1597055855170927791
1597055855172629646
1597055895147205664
