1597074609259302389
1597074609300661299
1597074609337192660
1597074609374655575
1597074609430355555
1597074609471544026
1597074609508975096
1597074609556680231
1597074609599159206
1597074609656109470
1597074609701390289
1597074609750482921
1597074609810168239
1597074609861051128
1597074609924240642
1597074609979407410
1597074610037756175
1597074610092112001
1597074610191462819
1597074610270077385
1597074610417830968
1597074610595779031
1597074610742359757
1597074610925302285
1597074611083739275
1597074617150746149
1597074617152271438
1597074617160397002
1597074617165178200
1597074617167423122
1597074617173699912
1597074617192993527
1597074617197539435
1597074617202367475
1597074617206322816
1597074617231782064
1597074621116717546
1597074628119824156
1597074633122322863
1597074636123003369
1597074636137496489
1597074639124779768
1597074641121806140
1597074645133729404
1597074648111565714
1597074667121141006
1597074672136414449
1597074672137496951
1597074787124350745
1597074835117140445
