1597083079603272567
1597083079727482488
1597083079886088887
1597083079979887904
1597083080072815947
1597083080211925128
1597083080291872792
1597083080372217311
1597083080475665950
1597083080604751907
1597083080728391958
1597083080874025691
1597083081006883098
1597083081145084024
1597083081282703783
1597083081529622126
1597083081779436866
1597083082062315159
1597083082201395609
1597083082415078046
1597083082599913142
1597083082795361049
1597083083492005140
1597083083757205957
1597083084035476000
1597083085724972631
1597083086715078886
1597083087312127417
1597083087852697730
1597083088094312337
1597083088358984000
1597083088714626481
1597083089122672088
1597083089843799425
1597083090686969935
1597083091551222702
1597083166492784443
1597083222180182147
1597083535291559790
1597083541257080894
1597083544228526912
1597083659170334760
1597083668154404137
1597083679142614730
1597083684217201922
1597083699309219744
1597083703233675468
1597083732166272037
1597083811154769234
1597083819167730651
1597083825167618707
1597083839208132073
1597083849169391517
1597083868171227715
1597083872133077004
1597083912127910252
1597083915139206294
1597083958175413063
1597083967120950516
1597083972140602421
1597083984147174774
1597083995181079749
1597083996158810019
1597084040147799921
1597084097125932752
1597084125140956949
1597084131244352297
1597084146167277833
1597084162126639359
1597084214133356754
1597084225147044126
1597084270148567353
