1597051756466155375
1597051756497667180
1597051756525567311
1597051756553217226
1597051756580199247
1597051756609549483
1597051756642939729
1597051756673763291
1597051756707018339
1597051756741209476
1597051756772733761
1597051756811055220
1597051756843727560
1597051756874218816
1597051756901922612
1597051756937749933
1597051763221853462
1597051763268033456
1597051763315270241
1597051763341219284
1597051763375936645
1597051763383764139
1597051763388144876
1597051763405863758
1597051763411210856
1597051763426072249
1597051763434282164
1597051763453267327
1597051763459285500
1597051769112968180
1597051780129121512
1597051893139702150
