1597054656570934840
1597054662783200964
1597054656578773355
1597054662844361887
1597054656589216626
1597054662957994871
1597054656604890053
1597054691115479549
1597054656618158834
1597054662962508891
1597054656628218716
1597054662994919131
1597054656639569005
1597054662878681791
1597054656653649727
1597054662911210978
1597054656665136987
1597054664193934010
1597054656678269614
1597054662909979179
1597054656686121874
1597054662929009332
1597054656702855102
1597054663064109970
1597054656714536138
1597054683116631352
1597054656736649812
1597054664146875550
1597054656753376095
1597054662972291262
1597054656773005790
1597054674162520984
