1597095757345065525
1597095776929941304
1597095757359452874
1597095778906245547
1597095757369314138
1597095777062188743
1597095757383678378
1597095778203189491
1597095757397395237
1597095778184403225
1597095757407789127
1597095778163882885
1597095757420694694
1597095775383562036
1597095757432104654
1597095775515584725
1597095757445056905
1597095778473322296
1597095757456154053
1597095775614208591
1597095757471603157
1597095775661495371
1597095757480714225
1597095775679218010
1597095757500514194
1597095775702189843
1597095757515775490
1597095772930262887
1597095757531959897
1597095776065033208
1597095757546540885
1597095780116360870
1597095757557654491
1597095780075841017
1597095757580259814
1597095779214466651
1597095757587003801
1597095779280657304
1597095757603933894
1597095779294612870
1597095757627648782
1597095779390231654
1597095757643863525
1597095779531374883
1597095757655472935
1597095779438732169
1597095757675835481
1597095776665132196
1597095757698982567
1597095832141668428
1597095757717901397
1597095772799881056
1597095757732173176
1597095770891552458
1597095757752588813
1597095770983411363
1597095757774728931
1597095770971808527
1597095757797744738
1597095772132540919
1597095757821493470
1597095772092969930
1597095757851870318
1597095792119847682
1597095757881507168
1597095766695894647
1597095757894286999
1597095772276040424
1597095757916450973
1597095770735372783
1597095757951061550
1597095785124298469
