1597093874064765159
1597094622160256267
1597093874151168583
1597094118241404226
1597093874229277842
1597094019204387503
1597093874300297179
1597094338608789903
1597093874393534739
1597094793143863260
1597093874491397097
1597094822152697948
1597093874602768008
1597094384235989827
1597093874689772909
1597094575169619817
1597093874771233570
1597094467183128387
1597093874871498317
1597094464206235045
1597093874950020231
1597094520173958877
1597093875029738732
1597094511168662483
1597093875227817372
1597094583133175070
1597093875357220662
1597094533129887027
1597093875520414364
1597094561338156909
1597093875724305497
1597094258286252727
1597093875917192639
1597094397174085459
1597093876119016392
1597094112616903903
1597093876273825215
1597094537129701177
1597093876590123997
1597094203147697516
1597093876945904380
1597094589138601458
1597093877224559734
1597094691123384037
1597093877396065881
1597094467220108615
1597093877576115333
1597094525183142552
1597093877744359866
1597094655121016569
1597093877955495630
1597094361124844448
1597093878201353413
1597094479145373090
1597093878458808137
1597093983364290958
1597093878700395683
1597094317381341614
1597093879022154435
1597094271367692868
1597093879355086622
1597094773183779190
1597093879626780847
1597094290221066365
1597093879878684043
1597094634144157765
1597093880223282190
1597093963297621938
1597093880649263112
1597094326182073815
1597093881117881804
1597094475145850035
