1597095250586004472
1597095250597620552
1597095250610958943
1597095250624051147
1597095250635175907
1597095250648285932
1597095250662309317
1597095250671528839
1597095250687983709
1597095250700068374
1597095250714718673
1597095250731092328
1597095250741330327
1597095250759872897
1597095250776231859
1597095250786535316
1597095250802561896
1597095250817423010
1597095250831746113
1597095250849301181
1597095250867855893
1597095250887804668
1597095250901298339
1597095250923981443
1597095250944058486
1597095250967294610
1597095250990350164
1597095251012979827
1597095251034890468
1597095251063450980
1597095251083414904
1597095251101706662
1597095251131129821
1597095251150618486
1597095251181319604
1597095251204781689
1597095257234823434
1597095258299786679
1597095258672960808
1597095258710285103
1597095258712688803
1597095258756275869
1597095258792741514
1597095258801785075
1597095258833785530
1597095258841120005
1597095258872671372
1597095259110782284
1597095259635136216
1597095259636076939
1597095260121150704
1597095260151371167
1597095260167587912
1597095260222394151
1597095260235441844
1597095260451885892
1597095260533335377
1597095261123686857
1597095261143157434
1597095262214830606
1597095262254504006
1597095262280852903
1597095262571409776
1597095262583900477
1597095262589232733
1597095262781627990
1597095262953706977
1597095262991656398
1597095263161463948
1597095263561610287
1597095270117207819
1597095271172678708
