1597080596176705006
1597080596185660243
1597080596201835383
1597080596211285188
1597080596226259086
1597080596235321889
1597080596249851170
1597080596262427943
1597080596273564854
1597080596284750487
1597080596300828144
1597080596309683216
1597080596325010001
1597080596339936468
1597080596352959414
1597080596364524120
1597080596378541841
1597080596394642926
1597080596409768570
1597080596424490923
1597080596444639137
1597080596462454054
1597080596478015588
1597080596495205249
1597080596513012906
1597080602124570938
1597080602184593080
1597080602217621017
1597080606987702799
1597080607805998011
1597080607827152145
1597080608335581216
1597080608363246760
1597080608608209464
1597080608613839145
1597080608722710161
1597080608788364171
1597080609015442115
1597080611497241591
1597080611738656570
1597080611990682707
1597080612255807520
1597080612559142638
1597080613118926095
1597080613960003284
1597080615325839802
1597080615407101096
1597080615465857384
1597080615469435408
1597080621115461218
