1597096149450101177
1597096149460237780
1597096149471139227
1597096149480347074
1597096149492901938
1597096149508489629
1597096149519848317
1597096149532854854
1597096149542997554
1597096149553229911
1597096149563202754
1597096149575046654
1597096149595079480
1597096149608803401
1597096149622834762
1597096149638109580
1597096149651971017
1597096149663576736
1597096149677916145
1597096149695989621
1597096149708113289
1597096149725537095
1597096149737336879
1597096149752570595
1597096149768932052
1597096149782619197
1597096149808232291
1597096149824463141
1597096149854073694
1597096149875743839
1597096149901939772
1597096149927265830
1597096149950978529
1597096149974874361
1597096149999634596
1597096150028022109
1597096161839620044
1597096162060486301
1597096162094946071
1597096164647704570
1597096164787380667
1597096164795518602
1597096164934569771
1597096165281662842
1597096166289866347
1597096166319584475
1597096166330697168
1597096166335092579
1597096166627990425
1597096167130787401
1597096167145150983
1597096167287728182
1597096167322988927
1597096167422981008
1597096167447165652
1597096167464874456
1597096168217895360
1597096168538148263
1597096169019113124
1597096169209803697
1597096170258922082
1597096171122278108
1597096171271991321
1597096171557609684
1597096172021389643
1597096172281487135
1597096172281985454
1597096172355144966
1597096172415820778
1597096173124455516
1597096179205319090
1597096186118967249
