1597081625453228984
1597081625462680305
1597081625474237965
1597081625485317919
1597081625496771720
1597081625508926147
1597081625517417538
1597081625533759902
1597081625545039355
1597081625553761586
1597081625567048235
1597081625581310874
1597081625596660135
1597081625613264307
1597081625628192076
1597081625637262447
1597081625657599777
1597081625671663480
1597081625686084889
1597081625702326577
1597081625720510104
1597081625738479367
1597081625748619235
1597081625771946000
1597081625788724019
1597081637250196395
1597081637608786160
1597081637772569294
1597081637960255655
1597081638343240346
1597081638566683331
1597081638614275302
1597081639041657489
1597081639048137421
1597081639077422164
1597081639087457416
1597081640911506274
1597081641070769898
1597081641112006060
1597081641417958651
1597081641453707496
1597081642097210157
1597081643096980941
1597081643107432354
1597081643279242514
1597081643490711264
1597081643587730008
1597081643659577216
1597081660112895776
1597081665113495994
