1597072750776495575
1597072750814377184
1597072750851840712
1597072750903270912
1597072750941005644
1597072750982318518
1597072751040629797
1597072751087496307
1597072751128326243
1597072751185336371
1597072751230668804
1597072751292412957
1597072751340819467
1597072751391324080
1597072751460618704
1597072751520096825
1597072751584972051
1597072751643674288
1597072751703184944
1597072751766094187
1597072751853141327
1597072751914646101
1597072752000851980
1597072752118258048
1597072752266909164
1597072757470000002
1597072757609988620
1597072757631430726
1597072757666351786
1597072757689166049
1597072757699251023
1597072757709050261
1597072758067087931
1597072759121595903
1597072768128798790
1597072768134426684
1597072772119235742
1597072773132111803
1597072774114773824
1597072778125222607
1597072780114610351
1597072781127783589
1597072785118065782
1597072787124921490
1597072797115282958
1597072844178617083
1597072868166876039
1597072935116359617
1597072963134365004
1597072973135268917
