1597056662700595486
1597056668754444629
1597056662710215323
1597056668899909396
1597056662722118757
1597056667181928397
1597056662736047449
1597056671118911651
1597056662751024172
1597056672988483467
1597056662760708066
1597056673133216274
1597056662776248468
1597056673285851464
1597056662786720981
1597056678110456150
1597056662798326427
1597056673420215543
1597056662808989746
1597056673512154798
1597056662822237795
1597056671547944543
1597056662835496589
1597056671547029094
1597056662854347342
1597056671670753914
1597056662870102187
1597056671689340266
1597056662886643815
1597056668834266683
1597056662897106904
1597056668746070857
