1597095090036676124
1597095090046930701
1597095090059494306
1597095090070403051
1597095090084481623
1597095090095327329
1597095090110947720
1597095090122860690
1597095090134633155
1597095090145097067
1597095090160487203
1597095090180245969
1597095090190359128
1597095090209059968
1597095090221900079
1597095090234997653
1597095090254296234
1597095090272642424
1597095090292214180
1597095090301499078
1597095090323240413
1597095090335259663
1597095090351240896
1597095090372902455
1597095090394354955
1597095090410363822
1597095090431488352
1597095090459677709
1597095090482759052
1597095090513563981
1597095090536943556
1597095090560637214
1597095090581690386
1597095090604416479
1597095090624206222
1597095090649540115
1597095094534967071
1597095097082868426
1597095097142315311
1597095097143759915
1597095097655333944
1597095097679178649
1597095097686188450
1597095097708274356
1597095097710363359
1597095097913144122
1597095097940276927
1597095098240791712
1597095098582253323
1597095098603657237
1597095098917706302
1597095099137084577
1597095100241673313
1597095100443943690
1597095100516010823
1597095100575994543
1597095100621092521
1597095100693994940
1597095100779662379
1597095101391839655
1597095102144686924
1597095102159565255
1597095102169982437
1597095102222884755
1597095102229446276
1597095102241105206
1597095102641836653
1597095103120120302
1597095105428728013
1597095105456494111
1597095115135050490
1597095128115469320
