1597060394142744712
1597060394153095926
1597060394165738713
1597060394176793028
1597060394186821702
1597060394196784042
1597060394208865575
1597060394226583420
1597060394237620625
1597060394250302244
1597060394266449144
1597060394276555642
1597060394295214025
1597060394309628889
1597060394325290866
1597060394342747569
1597060399153620217
1597060401197308201
1597060401210593759
1597060401211730868
1597060402217479768
1597060402231540548
1597060402242252372
1597060402256939467
1597060402420999151
1597060403032331772
1597060403456198499
1597060403549576795
1597060403975692842
1597060404593151130
1597060404846741379
1597060466123526979
