1597058184471710984
1597058184482386169
1597058184496003237
1597058184505390044
1597058184518584910
1597058184534715632
1597058184545314303
1597058184561006255
1597058184574701289
1597058184586598212
1597058184599755519
1597058184615913527
1597058184631429068
1597058184651515845
1597058184666657181
1597058184680990133
1597058190811953836
1597058190820994760
1597058191047676913
1597058192114193678
1597058192152126233
1597058192157582952
1597058192165151691
1597058192329342243
1597058192406379295
1597058192499040572
1597058193511611446
1597058193512264157
1597058193513781823
1597058193585697302
1597058194526739230
1597058194552369906
