1597060505680477955
1597060505689790908
1597060505703953827
1597060505714873663
1597060505722575384
1597060505736506645
1597060505749748763
1597060505759601594
1597060505773494084
1597060505783260898
1597060505799276040
1597060505808182014
1597060505827182253
1597060505840196127
1597060505852202801
1597060505868872377
1597060509574698405
1597060509576218157
1597060509774488943
1597060509774834383
1597060509778364246
1597060510649692041
1597060510908289181
1597060512893714494
1597060513069306025
1597060513075262930
1597060513294073105
1597060513505439028
1597060514300160526
1597060535165629588
1597060537122752148
1597060541125844405
