1597080885775195769
1597080885786471422
1597080885795964681
1597080885807538321
1597080885819989369
1597080885836099859
1597080885845691134
1597080885859489022
1597080885873034926
1597080885887254702
1597080885901864746
1597080885913973373
1597080885930974351
1597080885951988502
1597080885967784005
1597080885983538763
1597080886002697673
1597080886011891399
1597080886031001477
1597080886045062839
1597080886061014674
1597080886080341558
1597080886101816593
1597080886114776410
1597080886126180464
1597080896819540488
1597080898186188366
1597080898705115310
1597080898873533330
1597080898961098645
1597080900189202264
1597080900275674572
1597080900510225580
1597080900512216398
1597080900534386626
1597080900566031013
1597080900927750586
1597080901130928459
1597080901235962037
1597080901359740107
1597080901427841203
1597080901653559478
1597080901680174063
1597080901819176919
1597080902181048320
1597080902187416622
1597080921123343074
1597080929175557109
1597080931120097232
1597080965145206245
