1597081313451661687
1597081313460644379
1597081313469615585
1597081313483826301
1597081313494509866
1597081313506445973
1597081313519698089
1597081313533585033
1597081313545017005
1597081313554169476
1597081313565721952
1597081313579242222
1597081313594918452
1597081313606466562
1597081313621344039
1597081313635209739
1597081313653130227
1597081313663511133
1597081313677772860
1597081313694152455
1597081313725163384
1597081313744409114
1597081313767673466
1597081313778325276
1597081313789677866
1597081327547381009
1597081327885786314
1597081327906716804
1597081328002802976
1597081328017285795
1597081328025309732
1597081329644486272
1597081329695614513
1597081329712850233
1597081329898081195
1597081330531050579
1597081331194591283
1597081331492771345
1597081332182701498
1597081332369245747
1597081332393512717
1597081332530247797
1597081333385130829
1597081334664732764
1597081334742353374
1597081334903610639
1597081335034743056
1597081346175393900
1597081361126358310
1597081364138517568
