1597058354774101141
1597058354785901654
1597058354796150268
1597058354808859505
1597058354820204816
1597058354830131574
1597058354842133611
1597058354855501317
1597058354866291462
1597058354877959812
1597058354897667250
1597058354910438990
1597058354923755738
1597058354940644867
1597058354951428375
1597058354968701812
1597058359512191509
1597058359681179236
1597058360974468417
1597058360975812686
1597058360982587148
1597058360993699589
1597058360998406997
1597058361001317827
1597058361007144149
1597058361013760135
1597058361049025720
1597058361053647619
1597058361062280162
1597058361069632466
1597058362111182805
1597058384123120426
