1597095028813118412
1597095028820604909
1597095028833930585
1597095028844710955
1597095028859609236
1597095028867895773
1597095028882703531
1597095028892233126
1597095028905046588
1597095028918169174
1597095028935146449
1597095028947720726
1597095028962578672
1597095028975908007
1597095028990937462
1597095029009178079
1597095029025364420
1597095029040970615
1597095029061135947
1597095029082740260
1597095029099794853
1597095029119731962
1597095029138827222
1597095029150417068
1597095029169418028
1597095029192441480
1597095029208776548
1597095029231744218
1597095029250948521
1597095029280929362
1597095029294969339
1597095029316575462
1597095029331537255
1597095029356090550
1597095029379230553
1597095029400970883
1597095032742065384
1597095032845984421
1597095032923429562
1597095032929295147
1597095034866640343
1597095035387170937
1597095035430783684
1597095035883844795
1597095035926678498
1597095035950553808
1597095035958216728
1597095035960067586
1597095037296357727
1597095037520401407
1597095038253232591
1597095039315646454
1597095039353812237
1597095039423635466
1597095039437907753
1597095039660534632
1597095039686347056
1597095039724709736
1597095039734277555
1597095039832193568
1597095039851238672
1597095039892664379
1597095039973685690
1597095040029256468
1597095040269615823
1597095040681345323
1597095041764638913
1597095041791421211
1597095042183116740
1597095043118165936
1597095043327837724
1597095051122955995
