1597081228691694249
1597081247111833380
1597081228703785083
1597081245155136166
1597081228715023001
1597081245199898003
1597081228729582714
1597081245218486747
1597081228741142084
1597081241397198802
1597081228755234264
1597081241572028143
1597081228764654069
1597081241513311778
1597081228773657539
1597081241739648782
1597081228788985660
1597081241723643539
1597081228800375465
1597081245868525916
1597081228811731117
1597081274115515696
1597081228831599953
1597081245858116890
1597081228841248081
1597081249226135253
1597081228857729954
1597081249204444952
1597081228874715569
1597081255172273267
1597081228888045432
1597081249249876326
1597081228900711456
1597081249261531666
1597081228910859656
1597081249276502894
1597081228930981584
1597081247482338555
1597081228945814363
1597081247556872666
1597081228959071198
1597081242640218226
1597081228978592814
1597081242716226280
1597081228988586247
1597081242733279235
1597081229011731218
1597081242713586452
1597081229024864172
1597081245109589157
