1597095643042226535
1597095643055028912
1597095643068496696
1597095643080297639
1597095643090909884
1597095643099201851
1597095643111036342
1597095643121397822
1597095643137463714
1597095643147185421
1597095643164431587
1597095643178458550
1597095643193446052
1597095643210711893
1597095643222846734
1597095643245646255
1597095643253950790
1597095643267559197
1597095643289598194
1597095643302757302
1597095643319733102
1597095643342023299
1597095643357314409
1597095643371830664
1597095643392760745
1597095643410226254
1597095643431191463
1597095643449092529
1597095643471753383
1597095643487987861
1597095643511186713
1597095643537032334
1597095643556587755
1597095643613466919
1597095643647967083
1597095643669229462
1597095650076845850
1597095650153795141
1597095650183230365
1597095650200979508
1597095650300118794
1597095650370426455
1597095650434140508
1597095650443159020
1597095650457114489
1597095650462575578
1597095650509316788
1597095650535174037
1597095650535854779
1597095650587433509
1597095650594601883
1597095650661014053
1597095650938584574
1597095650948736505
1597095650995430012
1597095651038307284
1597095651085413389
1597095651093869230
1597095652090906439
1597095652091947234
1597095653239269395
1597095653402928118
1597095653428977097
1597095653454407506
1597095653460609782
1597095653555128360
1597095653579004624
1597095656118711243
1597095660137370514
1597095667123347856
1597095668116033869
1597095716140394547
