1597072399586826079
1597072406350828920
1597072399634695363
1597072405037430183
1597072399675096093
1597072663143786068
1597072399720234164
1597072406295247766
1597072399761042514
1597072406349136350
1597072399800382369
1597072406337698679
1597072399843783915
1597072434117627234
1597072399893943403
1597072406692586282
1597072399935283658
1597072490147435992
1597072399995007509
1597072451138438040
1597072400042446615
1597072414136083436
1597072400105782317
1597072448287331024
1597072400170882798
1597072409119476650
1597072400247144195
1597072404932271872
1597072400310660256
1597072410190985488
1597072400417240586
1597072431137293970
1597072400468657595
1597072422144168590
1597072400559948984
1597072404974668695
1597072400624357037
1597072584149385606
1597072400706225589
1597072404876209997
1597072400812512083
1597072407142481135
1597072400871584802
1597072406531435155
1597072400960928043
1597072427133576223
1597072401024024909
1597072690143252668
1597072401119350835
1597072418118236514
