1597058278787559073
1597058316225423134
1597058278801497653
1597058283207286775
1597058278811768784
1597058283217618822
1597058278825449921
1597058284121329214
1597058278839332810
1597058282417210484
1597058278851144640
1597058282996769188
1597058278864314151
1597058293110319313
1597058278874517545
1597058283164337298
1597058278885340111
1597058283065255770
1597058278898101186
1597058309114475719
1597058278910014088
1597058283132124869
1597058278925512121
1597058283208909581
1597058278935121415
1597058283347344066
1597058278949895061
1597058283150218816
1597058278969702173
1597058283149077286
1597058278980343619
1597058283217825225
