1597074737560136372
1597074746602612900
1597074737602071731
1597074746475466573
1597074737640778099
1597074772169968596
1597074737680548543
1597074845250875152
1597074737727286455
1597074741557150663
1597074737761740064
1597074741485971103
1597074737802952225
1597074742889740535
1597074737851965568
1597074948152487161
1597074737891517875
1597074741457652969
1597074737931003480
1597074767120829120
1597074737984528878
1597074823166331795
1597074738030442215
1597074741506865364
1597074738072594073
1597074742896034000
1597074738124214176
1597074741438902589
1597074738175707106
1597074748333485451
1597074738235154178
1597074748416240569
1597074738283439393
1597074741543901742
1597074738351655630
1597074758140792068
1597074738410173147
1597074741453909053
1597074738489164182
1597074741472714661
1597074738543482711
1597074763116858051
1597074738631882299
1597074742846237884
1597074738680960594
1597074742912863727
1597074738754577703
1597074758127114191
1597074738830008606
1597075005142462482
