1597080780610397105
1597080780621483572
1597080780631873664
1597080780642689487
1597080780655914991
1597080780671095109
1597080780682359460
1597080780700970758
1597080780713301635
1597080780725419585
1597080780741756657
1597080780754436358
1597080780768579705
1597080780786568856
1597080780800436767
1597080780815268600
1597080780830960513
1597080780844737046
1597080780858824241
1597080780875753599
1597080780885672887
1597080780903006237
1597080780921971090
1597080780940938691
1597080780953103208
1597080786691132792
1597080786693688772
1597080786700197671
1597080786893714991
1597080787256989078
1597080787272814302
1597080788162082247
1597080788166998504
1597080788243451368
1597080788244013968
1597080788474735055
1597080788478561975
1597080788484434911
1597080788491062052
1597080788498134933
1597080788499280789
1597080788804053760
1597080788814221795
1597080789130578515
1597080789605207051
1597080790121299809
1597080790185992739
1597080790197071517
1597080790454115840
1597080805114715244
