1597072995620209885
1597072995662757107
1597072995706262961
1597072995758447440
1597072995801983789
1597072995856630103
1597072995910572121
1597072995950710789
1597072996015215612
1597072996064029505
1597072996119185322
1597072996177334799
1597072996235385566
1597072996300213823
1597072996357984891
1597072996425569072
1597072996494835327
1597072996562323648
1597072996637333166
1597072996728177831
1597072996807659804
1597072996901725578
1597072996987754028
1597072997050497144
1597072997170071636
1597073002457522884
1597073002471226362
1597073002515818082
1597073002517523158
1597073002559397079
1597073002615150819
1597073003627291496
1597073003665351921
1597073007150320628
1597073019124141480
1597073024124533286
1597073026120988929
1597073027170989694
1597073027171349913
1597073027173287273
1597073033247879259
1597073045137854029
1597073045142561240
1597073053117230329
1597073063128074455
1597073105133580805
1597073116129342667
1597073130152240110
1597073135142873274
1597073223141977301
