1597084328482243430
1597084328577084510
1597084328665471568
1597084328734433507
1597084328831442945
1597084328926046493
1597084328999976780
1597084329131488101
1597084329230264859
1597084329313877888
1597084329419775873
1597084329527267733
1597084329687879412
1597084329823118664
1597084329953630604
1597084330109679013
1597084330228707503
1597084330370278495
1597084330571451868
1597084330754406552
1597084331016966883
1597084331292861082
1597084331850836759
1597084332121074088
1597084332429882605
1597084332627352604
1597084332804671602
1597084333069818848
1597084333384351708
1597084333985910266
1597084334432589244
1597084334796279107
1597084335207834588
1597084335742626447
1597084336118610217
1597084336519058142
1597084397269620899
1597084457311335768
1597084479189269553
1597084548227242206
1597084553274682640
1597084554345707807
1597084561241032536
1597084635215790362
1597084669184872489
1597084687263339690
1597084699319389890
1597084716153628577
1597084761216993644
1597084762217642596
1597084779214426602
1597084790151375825
1597084791182428962
1597084810156567321
1597084847134218399
1597084849177267445
1597084884153102267
1597084889379147645
1597084909123088093
1597084911271029354
1597084917140989971
1597084926297643619
1597084942252037370
1597084947189108096
1597084950118296145
1597084971175093903
1597084993148599421
1597085002186357519
1597085021149295415
1597085041119591651
1597085080141213056
1597085082125243860
