1597055356799028000
1597055362898940867
1597055356826125224
1597055362652788053
1597055356853805124
1597055364295133096
1597055356880936907
1597055392128113884
1597055356906890132
1597055482111983428
1597055356930774468
1597055360827111565
1597055356962855587
1597055437151535975
1597055356989411481
1597055438152639093
1597055357017458403
1597055429139501862
1597055357047965977
1597055362117999069
1597055357076561317
1597055362666471321
1597055357107380615
1597055363040937416
1597055357140500644
1597055360826771217
1597055357176282584
1597055383126499692
1597055357206942515
1597055360077754759
1597055357239215992
1597055360687652949
