1597055524661305040
1597055529365381842
1597055524689672772
1597055532121085850
1597055524719282994
1597055529458152914
1597055524745452473
1597055529623881160
1597055524774381029
1597055540122311691
1597055524806450167
1597055528013086379
1597055524836057715
1597055630143834782
1597055524865061767
1597055558115251219
1597055524898907214
1597055528328443773
1597055524931010428
1597055525946021595
1597055524966754720
1597055525773981538
1597055525006578204
1597055550121317343
1597055525048903844
1597055526063421858
1597055525086748419
1597055528349243055
1597055525119691133
1597055525575942171
1597055525153761834
1597055526045424661
