1597080370381096175
1597080370392837077
1597080370403776438
1597080370420153056
1597080370433152960
1597080370445559306
1597080370457477246
1597080370474246735
1597080370483797669
1597080370495520906
1597080370511093171
1597080370527471901
1597080370544642218
1597080370557424956
1597080370570339989
1597080370584556793
1597080370602690882
1597080370619089644
1597080370644222488
1597080370658443403
1597080370678310248
1597080370698152340
1597080370713660376
1597080370728829054
1597080370750525976
1597080373093200720
1597080375396288154
1597080375409299404
1597080375418774583
1597080375477841586
1597080375486641533
1597080376024018913
1597080376097534591
1597080376100208078
1597080376253382458
1597080376283742993
1597080376285236570
1597080376333843183
1597080376555242318
1597080376565620032
1597080376601417588
1597080376607605085
1597080376853173440
1597080376866635127
1597080376898506643
1597080376929825660
1597080378468674869
1597080378830572015
1597080378981563104
1597080379181910896
