1597056619554359661
1597056619582356277
1597056619609508739
1597056619635263773
1597056619659166974
1597056619686495966
1597056619716751771
1597056619743335584
1597056619769456756
1597056619802599305
1597056619837158729
1597056619869378892
1597056619904860741
1597056619936667401
1597056619967546751
1597056620007277540
1597056621107992145
1597056621660618015
1597056621847278921
1597056622028085086
1597056622135063399
1597056626592230784
1597056626646684646
1597056626662493760
1597056626977373558
1597056632128190580
1597056633112573567
1597056637111851219
1597056645176281595
1597056655118899159
1597056696141320471
1597056711137859416
