1597056366147508046
1597056366159649649
1597056366172033700
1597056366183425440
1597056366195783212
1597056366206229168
1597056366217388560
1597056366230827912
1597056366245950083
1597056366257656692
1597056366271406169
1597056366291402976
1597056366301777159
1597056366320189011
1597056366335716625
1597056366352183346
1597056374286807709
1597056374308079310
1597056374788007763
1597056374951866706
1597056375012754420
1597056375035059166
1597056377148380495
1597056377193935312
1597056377202950537
1597056377579213129
1597056377651063824
1597056377658794091
1597056377710665974
1597056377755617817
1597056412140696628
1597056418141911612
