1597074883182484315
1597074883225078724
1597074883264509408
1597074883304589605
1597074883352172678
1597074883391184200
1597074883435073448
1597074883485542217
1597074883527552472
1597074883575367398
1597074883628768248
1597074883678578987
1597074883726997970
1597074883776790400
1597074883825199483
1597074883877528385
1597074883924911645
1597074883996656543
1597074884042713299
1597074884116273618
1597074884175673850
1597074884261837531
1597074884337542349
1597074884438855290
1597074884582878713
1597074891057564107
1597074891065234172
1597074891068619168
1597074891075645216
1597074891076926147
1597074891082990594
1597074891097581548
1597074891108423249
1597074891111907393
1597074891121459904
1597074891134528719
1597074891177625154
1597074892148925235
1597074892155742286
1597074892165676001
1597074909131889105
1597074915122740016
1597074916122141235
1597074916146962236
1597074924124128029
1597074980130769760
1597074987152200442
1597074995142120475
1597075064133594570
1597075068143861269
