1597074156310994028
1597074163121217223
1597074156349376654
1597074189134857892
1597074156387141883
1597074162038829357
1597074156428206475
1597074561157035897
1597074156476648056
1597074162089345460
1597074156514959095
1597074162062948858
1597074156552595711
1597074162142046164
1597074156604932388
1597074179117085674
1597074156647603591
1597074162103627769
1597074156701618412
1597074162120513816
1597074156746035940
1597074162107263378
1597074156801278884
1597074180121325150
1597074156854393167
1597074188126502160
1597074156918351560
1597074257116548241
1597074156982656411
1597074182117880494
1597074157040715827
1597074162116202860
1597074157103932609
1597074169117713949
1597074157163922959
1597074421134122840
1597074157270033565
1597074162077167420
1597074157359746098
1597074162078393578
1597074157438162977
1597074162115923580
1597074157554514449
1597074179121703651
1597074157641281585
1597074162014070141
1597074157766541545
1597074162124442233
1597074157896283171
1597074161958012550
