1597072432947690204
1597072432985035703
1597072433024723659
1597072433076187301
1597072433124511320
1597072433168394973
1597072433220937593
1597072433262215364
1597072433309030613
1597072433361715947
1597072433412149054
1597072433471888282
1597072433521288239
1597072433574669189
1597072433629895807
1597072433683602800
1597072433761040059
1597072433820097917
1597072433903941000
1597072433984811563
1597072434043716282
1597072434119975817
1597072434218965556
1597072434289927410
1597072434406929690
1597072440772102807
1597072440833620358
1597072440840521392
1597072440912686237
1597072440914970623
1597072440918062278
1597072440927891808
1597072440928900671
1597072440936500932
1597072441116557699
1597072442125487160
1597072445120475008
1597072447163999894
1597072448124393121
1597072449136869408
1597072456122501538
1597072464115852825
1597072466112693944
1597072468112513100
1597072468115552077
1597072468120882369
1597072471117027978
1597072486112261924
1597072700142790202
1597072703126892556
