1597095973887593575
1597095984446095996
1597095973898290395
1597095990048122735
1597095973909944892
1597095990117280183
1597095973921821951
1597095993873068132
1597095973933668462
1597095993897934169
1597095973944889160
1597095998813568765
1597095973959875046
1597095998842301301
1597095973970925790
1597096000265114010
1597095973984808815
1597096002010959892
1597095973998613752
1597096003204755692
1597095974017871618
1597096003185031560
1597095974034393483
1597095999250158350
1597095974052097585
1597095999311002980
1597095974061938506
1597095999391073166
1597095974078838287
1597095999444049824
1597095974093413752
1597095997582585496
1597095974109381124
1597095997698521269
1597095974127540605
1597095993709482220
1597095974141861278
1597095993849844142
1597095974154241585
1597095997870274848
1597095974169103569
1597095998089620028
1597095974181661520
1597095999984878903
1597095974202426000
1597095999076953601
1597095974214410943
1597095998223774595
1597095974234805883
1597095998170242642
1597095974254250802
1597095998290138746
1597095974274884384
1597095993375104784
1597095974287885073
1597095993556337633
1597095974305072923
1597095993560878564
1597095974328180071
1597095990665826062
1597095974351934541
1597095990588902129
1597095974370253161
1597095989829153939
1597095974405633219
1597095984882262011
1597095974422589482
1597095984975198605
1597095974456930403
1597095984958257590
1597095974481299969
1597095984422097719
