1597080806915109718
1597080806924624659
1597080806933870804
1597080806948465830
1597080806958449965
1597080806972150047
1597080806981484282
1597080806995550858
1597080807005765987
1597080807021044657
1597080807031248435
1597080807044815018
1597080807060918195
1597080807073961910
1597080807087852332
1597080807100538157
1597080807112581082
1597080807123806666
1597080807135027312
1597080807155204867
1597080807172469623
1597080807196090120
1597080807208866533
1597080807226599502
1597080807238650717
1597080816592795373
1597080816721495196
1597080817064667431
1597080818547782315
1597080820408230824
1597080820421060150
1597080821182547520
1597080822036404670
1597080822053581416
1597080823444729208
1597080823617641381
1597080823761832057
1597080823771140001
1597080823919548286
1597080823981273222
1597080824003403861
1597080824026585894
1597080824096923146
1597080826205413558
1597080826287222489
1597080826431846686
1597080826613801737
1597080834116175193
1597080842112648058
1597080846152387077
