1597060283883802709
1597060283895207769
1597060283908461838
1597060283919692497
1597060283929150932
1597060283942644255
1597060283953785291
1597060283964975298
1597060283975312837
1597060283986014430
1597060283999840071
1597060284011994547
1597060284028471181
1597060284039884815
1597060284054232657
1597060284065525584
1597060291390233971
1597060291448933535
1597060291491717621
1597060291505674127
1597060291554665074
1597060291568610752
1597060291675378251
1597060291713112134
1597060291851572973
1597060291852436843
1597060291889220313
1597060293897011021
1597060293918956169
1597060294011524631
1597060294173566106
1597060355117690327
