1597054879429902905
1597054879442904459
1597054879455879636
1597054879466852036
1597054879479902817
1597054879494689819
1597054879504478069
1597054879520535333
1597054879532683821
1597054879548446113
1597054879563122974
1597054879580199883
1597054879595829319
1597054879610011849
1597054879630009517
1597054879635881300
1597054884140302374
1597054884141445777
1597054884464074302
1597054884637922034
1597054884776152406
1597054884784124112
1597054884925414120
1597054884927813639
1597054884931123498
1597054885343203516
1597054887229262003
1597054887311473440
1597054887321600697
1597054887407131867
1597054887917715967
1597054887997735991
