1597056851621170193
1597056851629298397
1597056851644185460
1597056851652728660
1597056851668617363
1597056851676325405
1597056851689367650
1597056851700734556
1597056851712140708
1597056851721157147
1597056851732558768
1597056851748033414
1597056851762421527
1597056851781440684
1597056851793246435
1597056851808816231
1597056860293892228
1597056860351985411
1597056860410733318
1597056860542990517
1597056860943765914
1597056860980657018
1597056861303454276
1597056862711724292
1597056862786559986
1597056863079388832
1597056864192357333
1597056864247670029
1597056864685882793
1597056865143726343
1597056865677392185
1597056876111278746
