1597054926331710410
1597054932419696701
1597054926341136545
1597054954113358076
1597054926353005446
1597054956199255905
1597054926365933684
1597054932433772929
1597054926377109609
1597054930230268150
1597054926395434067
1597054932350132192
1597054926407500498
1597054930758315036
1597054926419353806
1597054932487940287
1597054926435150431
1597054930980741023
1597054926447566279
1597054932415705949
1597054926462296536
1597054930917814647
1597054926476184563
1597054941120682842
1597054926494370033
1597054935337347919
1597054926508040286
1597054932355391466
1597054926521663991
1597054931366400158
1597054926543897078
1597054934738434136
