1597073271126471043
1597073271173129540
1597073271212572656
1597073271256096852
1597073271302668800
1597073271338625725
1597073271380182045
1597073271434863462
1597073271483808998
1597073271531907791
1597073271576860149
1597073271620773860
1597073271679111703
1597073271724688974
1597073271778300244
1597073271831735754
1597073271889193452
1597073271946540291
1597073272018505484
1597073272099531376
1597073272186293993
1597073272244100873
1597073272305647813
1597073272368263938
1597073272468172000
1597073274535473820
1597073275492093407
1597073276216428220
1597073277498456906
1597073277624605342
1597073278119166010
1597073279141753389
1597073279186730102
1597073282616392176
1597073284129695525
1597073287139942520
1597073288117027259
1597073289135246233
1597073292119823365
1597073293133273572
1597073295122078723
1597073298120811365
1597073298122076563
1597073309114729702
1597073313135668785
1597073313137879456
1597073333119849961
1597073357112757013
1597073364141933720
1597073474121871773
