1597080659095314631
1597080659105341556
1597080659118351082
1597080659135041235
1597080659144757367
1597080659157610138
1597080659168556354
1597080659182913521
1597080659193051879
1597080659207091243
1597080659218317745
1597080659239705210
1597080659251422464
1597080659262526798
1597080659282405735
1597080659299158932
1597080659316804728
1597080659329106541
1597080659344954004
1597080659362690236
1597080659380409002
1597080659395914770
1597080659413364577
1597080659426584608
1597080659444678032
1597080669776993928
1597080669904022751
1597080670072919969
1597080670532210918
1597080670558260322
1597080670700893099
1597080670806347202
1597080671098873888
1597080671153923238
1597080671160895531
1597080671189425036
1597080671207474833
1597080671514939826
1597080671691400536
1597080671700488558
1597080671707995644
1597080671888448604
1597080673355086220
1597080674321082210
1597080674551969002
1597080676190285466
1597080677387465880
1597080677416896488
1597080693128337794
1597080698112167245
