1597079857914394154
1597079867375479665
1597079857919039667
1597079866761231711
1597079857934944179
1597079866780977465
1597079857945554603
1597079866804939099
1597079857957733992
1597079866812827255
1597079857972830509
1597079866768933112
1597079857983832367
1597079866806027479
1597079857995512485
1597079866743169845
1597079858011878026
1597079880110912721
1597079858023319064
1597079864531911492
1597079858038102628
1597079866885942053
1597079858061162488
1597079866829364553
1597079858081349495
1597079864543601291
1597079858098499019
1597079864554979639
1597079858109203858
1597079864525916575
1597079858126122776
1597079866934414842
1597079858143568696
1597079864549313105
1597079858160769051
1597079943137670857
1597079858181253286
1597079864465803090
1597079858199498979
1597079864462244604
1597079858215944850
1597079867307737543
1597079858229469878
1597079866860597773
1597079858257237012
1597079864404585352
1597079858277609121
1597079864477785000
1597079858294570889
1597079864564215690
