1597080341764464466
1597080341777788090
1597080341787826038
1597080341803480430
1597080341811939826
1597080341826661822
1597080341838459262
1597080341851044282
1597080341862593263
1597080341877410667
1597080341896337612
1597080341912566881
1597080341923681775
1597080341941365459
1597080341954332608
1597080341966561735
1597080341981143787
1597080341998551713
1597080342016455271
1597080342032442207
1597080342049398961
1597080342065120994
1597080342077007698
1597080342100313148
1597080342115500351
1597080346765253747
1597080346769664249
1597080346808535645
1597080346828512520
1597080346847776872
1597080347036909375
1597080347394308821
1597080347434228347
1597080347667744394
1597080348662367439
1597080348686488137
1597080348976265862
1597080350185963776
1597080350203608742
1597080350260210224
1597080350307942643
1597080350388237754
1597080350460111840
1597080351829431971
1597080353551488491
1597080353685520747
1597080353977843583
1597080355550739025
1597080373116973126
1597080390126649503
