1597060824514638232
1597060831584500323
1597060824524459246
1597060832541610792
1597060824536493463
1597060832693249136
1597060824548609608
1597060832730122427
1597060824560030799
1597060832915551773
1597060824568336192
1597060834738162676
1597060824580285106
1597060834820234451
1597060824592961431
1597060834903579390
1597060824603663682
1597060834931199784
1597060824613445854
1597060835079249899
1597060824626875591
1597060835235294912
1597060824636861412
1597060834461811001
1597060824648584753
1597060831525676556
1597060824671335578
1597060831563528120
1597060824683475090
1597060831577252514
1597060824704578405
1597060831570021591
