1597081490294772628
1597081499781025304
1597081490304599965
1597081504653113793
1597081490315887286
1597081500083085250
1597081490326861938
1597081503069865081
1597081490335520449
1597081503081663452
1597081490348956551
1597081508097442357
1597081490359807613
1597081509162826993
1597081490373981958
1597081508174258825
1597081490382324443
1597081506440150455
1597081490395664611
1597081508323607922
1597081490405111619
1597081508308283206
1597081490420275578
1597081508570110398
1597081490435889470
1597081508600944224
1597081490448386736
1597081508613524262
1597081490462932735
1597081506706632063
1597081490473286238
1597081503797962630
1597081490486965471
1597081506979464989
1597081490497131123
1597081507004272295
1597081490511910802
1597081504073590422
1597081490528038336
1597081503992352059
1597081490540513653
1597081503153802247
1597081490566466530
1597081503177624796
1597081490575707824
1597081499377015917
1597081490597977615
1597081499710982026
1597081490612028838
1597081499761170154
